✓ 釋放訂單: FS20251124DBC3714B

總共成功釋放 1 筆逾時訂單的庫存
✓ 釋放訂單: FS2025112473C09347
✓ 釋放訂單: FS202511249C6932B8
✓ 釋放訂單: FS202511243855BE7C
✓ 釋放訂單: FS202511240E20FCCA
✓ 釋放訂單: FS20251124E386AF28

總共成功釋放 5 筆逾時訂單的庫存
✓ 釋放訂單: FS202511249388E0B5
✓ 釋放訂單: FS2025112488B0099B
✓ 釋放訂單: FS20251124FBDF2232
✓ 釋放訂單: FS20251124D6BB1C9D
✓ 釋放訂單: FS202511240BF1D2D0
✓ 釋放訂單: FS202511240207220B
✓ 釋放訂單: FS202511241798533B
✓ 釋放訂單: FS202511241ECC515F
✓ 釋放訂單: FS202511248B83D2A2
✓ 釋放訂單: FS202511241231CFC8
✓ 釋放訂單: FS20251124B1A1CA1D
✓ 釋放訂單: FS202511248BA1414C
✓ 釋放訂單: FS20251124BC90F5DE
✓ 釋放訂單: FS202511244C02AD9F
✓ 釋放訂單: FS202511247E03010C
✓ 釋放訂單: FS20251124B3A0A96F
✓ 釋放訂單: FS20251124CA6789B7
✓ 釋放訂單: FS20251124CACE33CF
✓ 釋放訂單: FS2025112461971FEF
✓ 釋放訂單: FS20251124241A3C48
✓ 釋放訂單: FS20251124E34762AC
✓ 釋放訂單: FS20251124E52238F1
✓ 釋放訂單: FS202511243ACD6A43
✓ 釋放訂單: FS202511242CAAF815
✓ 釋放訂單: FS202511246D96C911
✓ 釋放訂單: FS202511246506987E
✓ 釋放訂單: FS202511240237728C
✓ 釋放訂單: FS202511243E0416D4
✓ 釋放訂單: FS202511248542AE2C
✓ 釋放訂單: FS202511247E364597
✓ 釋放訂單: FS2025112450250EF8
✓ 釋放訂單: FS2025112439EA5E14
✓ 釋放訂單: FS202511246B3EAE65
✓ 釋放訂單: FS20251124B24A437F
✓ 釋放訂單: FS20251124BE0CE5EC
✓ 釋放訂單: FS202511247C69C1D2
✓ 釋放訂單: FS202511246B4F2096
✓ 釋放訂單: FS202511246F9B6E66
✓ 釋放訂單: FS20251124AF543166
✓ 釋放訂單: FS202511246E6E574E
✓ 釋放訂單: FS20251124A2B83750
✓ 釋放訂單: FS202511247012BA6E
✓ 釋放訂單: FS2025112443706B5E
✓ 釋放訂單: FS20251124ACA01F01
✓ 釋放訂單: FS2025112433EF7477
✓ 釋放訂單: FS20251124D9318608
✓ 釋放訂單: FS202511240DB2CEAC
✓ 釋放訂單: FS20251124602A65E3
✓ 釋放訂單: FS20251124388DE22D
✓ 釋放訂單: FS2025112438701BAA
✓ 釋放訂單: FS20251124FF13C8B9
✓ 釋放訂單: FS2025112442653A8D
✓ 釋放訂單: FS2025112463EF91CE
✓ 釋放訂單: FS20251124419EEE7E
✓ 釋放訂單: FS2025112470A25469
✓ 釋放訂單: FS20251124E5F0683E
✓ 釋放訂單: FS20251124A856518E
✓ 釋放訂單: FS20251124F1BFD49D
✓ 釋放訂單: FS202511240C550463
✓ 釋放訂單: FS202511248F3AB730
✓ 釋放訂單: FS2025112480CFC798
✓ 釋放訂單: FS202511244091F8F6
✓ 釋放訂單: FS20251124EFD1AF66
✓ 釋放訂單: FS202511249019A368
✓ 釋放訂單: FS20251124AC95F5EE
✓ 釋放訂單: FS20251124BEEF8EE9
✓ 釋放訂單: FS20251124EA23125F
✓ 釋放訂單: FS202511240D101950
✓ 釋放訂單: FS202511245FE52155
✓ 釋放訂單: FS202511247B0AABC2
✓ 釋放訂單: FS20251124455C7EE4
✓ 釋放訂單: FS202511240691E386
✓ 釋放訂單: FS20251124275E50DD
✓ 釋放訂單: FS20251124163BC8A5
✓ 釋放訂單: FS20251124122045D1
✓ 釋放訂單: FS20251124693C0A22
✓ 釋放訂單: FS2025112456F3B124
✓ 釋放訂單: FS20251124DC90E98A
✓ 釋放訂單: FS202511246462C72C
✓ 釋放訂單: FS2025112460AF1AE3
✓ 釋放訂單: FS202511246F6E82A1
✓ 釋放訂單: FS20251124F62E0C47
✓ 釋放訂單: FS20251124A67F55C5
✓ 釋放訂單: FS202511240DB20BEF
✓ 釋放訂單: FS2025112459DBCA74
✓ 釋放訂單: FS20251124987925D2
✓ 釋放訂單: FS20251124F9291A00
✓ 釋放訂單: FS20251124D60106A6
✓ 釋放訂單: FS20251124C8372733
✓ 釋放訂單: FS20251124929719F5
✓ 釋放訂單: FS2025112498E0AB99
✓ 釋放訂單: FS202511244E3F3059
✓ 釋放訂單: FS20251124C7BC4898
✓ 釋放訂單: FS202511244EBF8995
✓ 釋放訂單: FS202511247E2867D1
✓ 釋放訂單: FS20251124239DBC94
✓ 釋放訂單: FS202511240D196D2B
✓ 釋放訂單: FS20251124CE923F1D
✓ 釋放訂單: FS202511242EA8BF01
✓ 釋放訂單: FS20251124330EC0ED
✓ 釋放訂單: FS20251124467E18FD
✓ 釋放訂單: FS202511246F9F41DC
✓ 釋放訂單: FS202511242DE872C3
✓ 釋放訂單: FS20251124FF427B8D
✓ 釋放訂單: FS20251124508DB2E5
✓ 釋放訂單: FS20251124F7084DE7
✓ 釋放訂單: FS20251124501F86AF
✓ 釋放訂單: FS20251124B66CDA84
✓ 釋放訂單: FS2025112402086C86
✓ 釋放訂單: FS20251124A9654B2F
✓ 釋放訂單: FS202511247AF60A54
✓ 釋放訂單: FS20251124435152B5
✓ 釋放訂單: FS202511240296DF84
✓ 釋放訂單: FS20251124FA2AB3A2
✓ 釋放訂單: FS202511248C124F02
✓ 釋放訂單: FS20251124FFCDF3BC
✓ 釋放訂單: FS20251124010D821B
✓ 釋放訂單: FS202511241D9795C9
✓ 釋放訂單: FS20251124A9CF6C0E
✓ 釋放訂單: FS20251124EFC8EFD9
✓ 釋放訂單: FS20251124C3510770
✓ 釋放訂單: FS2025112413A1CF99
✓ 釋放訂單: FS2025112471463EAE
✓ 釋放訂單: FS20251124C237B346
✓ 釋放訂單: FS20251124DCCE261C
✓ 釋放訂單: FS2025112477FA50ED
✓ 釋放訂單: FS202511248588D038
✓ 釋放訂單: FS202511246801EEF9
✓ 釋放訂單: FS202511245DCC2A65
✓ 釋放訂單: FS20251124B3903CE7
✓ 釋放訂單: FS202511245BB4F926
✓ 釋放訂單: FS202511242D46C65E
✓ 釋放訂單: FS2025112428639E0D
✓ 釋放訂單: FS2025112451849E07
✓ 釋放訂單: FS202511245516B17A
✓ 釋放訂單: FS20251124CA122283
✓ 釋放訂單: FS20251124581661B0
✓ 釋放訂單: FS202511245FDC823C
✓ 釋放訂單: FS2025112411A994C9
✓ 釋放訂單: FS20251124E6C50AA9
✓ 釋放訂單: FS20251124B5C60DAE
✓ 釋放訂單: FS20251124BEC92FBA
✓ 釋放訂單: FS20251124BB2F9666
✓ 釋放訂單: FS20251124DDC81E48
✓ 釋放訂單: FS20251124874F9E9E
✓ 釋放訂單: FS20251124E72548E4
✓ 釋放訂單: FS202511245561081F
✓ 釋放訂單: FS20251124EA441521
✓ 釋放訂單: FS20251124B8FE97C5
✓ 釋放訂單: FS20251124624BDBB2
✓ 釋放訂單: FS20251124CC6DE746
✓ 釋放訂單: FS20251124F50B0A7B
✓ 釋放訂單: FS202511249480B225
✓ 釋放訂單: FS2025112407BFD062
✓ 釋放訂單: FS20251124C7302852
✓ 釋放訂單: FS20251124EFFD2CE7
✓ 釋放訂單: FS202511245B90D031
✓ 釋放訂單: FS202511246583C284
✓ 釋放訂單: FS20251124EFB9FE42
✓ 釋放訂單: FS20251124653E9AE3
✓ 釋放訂單: FS20251124580B00C6
✓ 釋放訂單: FS20251124AAB80761
✓ 釋放訂單: FS2025112482BCADF6
✓ 釋放訂單: FS2025112417B6DB50
✓ 釋放訂單: FS20251124CF0057AD
✓ 釋放訂單: FS20251124E3F51044
✓ 釋放訂單: FS2025112434103EE1
✓ 釋放訂單: FS20251124C26E09A5
✓ 釋放訂單: FS20251124730B1723
✓ 釋放訂單: FS2025112426499CD2
✓ 釋放訂單: FS202511247CCC695F
✓ 釋放訂單: FS20251124EFC57507
✓ 釋放訂單: FS20251124868C08C8
✓ 釋放訂單: FS20251124430312C1
✓ 釋放訂單: FS2025112401AE09B9
✓ 釋放訂單: FS202511240CBEB8EF
✓ 釋放訂單: FS20251124750E8FAD
✓ 釋放訂單: FS2025112499DC354B
✓ 釋放訂單: FS20251124B63963C2
✓ 釋放訂單: FS2025112415AE8F08
✓ 釋放訂單: FS20251124A411836B
✓ 釋放訂單: FS20251124DDB4F253
✓ 釋放訂單: FS20251124107F5B6D
✓ 釋放訂單: FS202511248F3E833F
✓ 釋放訂單: FS2025112440E8BD32
✓ 釋放訂單: FS2025112466A8D6D6
✓ 釋放訂單: FS2025112413A80243
✓ 釋放訂單: FS20251124F4CDCD62
✓ 釋放訂單: FS202511247B880845
✓ 釋放訂單: FS20251124165EE8D5
✓ 釋放訂單: FS20251124F5311298
✓ 釋放訂單: FS2025112482E82282
✓ 釋放訂單: FS20251124A9ED2BE3
✓ 釋放訂單: FS20251124EF54B54B
✓ 釋放訂單: FS20251124C6241194
✓ 釋放訂單: FS20251124DDF4ECC4
✓ 釋放訂單: FS202511240516F28D
✓ 釋放訂單: FS20251124F41E3EBE
✓ 釋放訂單: FS2025112491C157DD
✓ 釋放訂單: FS20251124A15CFE1F
✓ 釋放訂單: FS20251124B81A7E56
✓ 釋放訂單: FS20251124217673AD
✓ 釋放訂單: FS202511244124F1D6
✓ 釋放訂單: FS20251124B72CB8A4
✓ 釋放訂單: FS20251124B192092B
✓ 釋放訂單: FS20251124680C8036
✓ 釋放訂單: FS20251124CCBE0DF5
✓ 釋放訂單: FS202511249ABEEA9E
✓ 釋放訂單: FS2025112476DC7FF4
✓ 釋放訂單: FS2025112413150AC2
✓ 釋放訂單: FS202511240C175276
✓ 釋放訂單: FS202511248968C287
✓ 釋放訂單: FS20251124E67DEAC1
✓ 釋放訂單: FS2025112402997A80
✓ 釋放訂單: FS20251124FE23EC61
✓ 釋放訂單: FS20251124C2CC8CC4
✓ 釋放訂單: FS20251124B8C49F59
✓ 釋放訂單: FS202511246FFFDC59
✓ 釋放訂單: FS20251124E073653B
✓ 釋放訂單: FS20251124D7B882FA
✓ 釋放訂單: FS20251124DB4417C3
✓ 釋放訂單: FS202511244E1400A7
✓ 釋放訂單: FS20251124D03CDF64
✓ 釋放訂單: FS2025112437F433EE
✓ 釋放訂單: FS2025112409122ED0
✓ 釋放訂單: FS20251124713D4644
✓ 釋放訂單: FS202511240774726D
✓ 釋放訂單: FS202511240385D6AD
✓ 釋放訂單: FS20251124E109BD02
✓ 釋放訂單: FS202511248A191FEE
✓ 釋放訂單: FS20251124DC7AE897
✓ 釋放訂單: FS2025112443C3570D
✓ 釋放訂單: FS20251124D6493E40
✓ 釋放訂單: FS202511249DF24E11
✓ 釋放訂單: FS20251124702F70C8
✓ 釋放訂單: FS20251124D6DD0EB0
✓ 釋放訂單: FS20251124205EF2F8
✓ 釋放訂單: FS20251124D8E842EC
✓ 釋放訂單: FS202511246BB005FF
✓ 釋放訂單: FS20251124ECD951A0
✓ 釋放訂單: FS20251124D4501863
✓ 釋放訂單: FS202511247B5D50B0
✓ 釋放訂單: FS202511247035C420
✓ 釋放訂單: FS20251124DD022584
✓ 釋放訂單: FS202511243F1E05C6
✓ 釋放訂單: FS20251124F9BD0570
✓ 釋放訂單: FS202511242D749A07
✓ 釋放訂單: FS20251124856D1D17
✓ 釋放訂單: FS2025112494D9B11D
✓ 釋放訂單: FS20251124B66915E4
✓ 釋放訂單: FS202511245E8BE42D
✓ 釋放訂單: FS202511244FF2EF1E
✓ 釋放訂單: FS202511246DE41C83
✓ 釋放訂單: FS202511242C987712
✓ 釋放訂單: FS20251124400FBF4C
✓ 釋放訂單: FS202511242763221A
✓ 釋放訂單: FS20251124DF720568
✓ 釋放訂單: FS20251124FD6EEA6B
✓ 釋放訂單: FS202511243261ED38
✓ 釋放訂單: FS20251124D1ACFA16
✓ 釋放訂單: FS2025112432051740
✓ 釋放訂單: FS202511242B9F9470
✓ 釋放訂單: FS2025112429DF50EA
✓ 釋放訂單: FS2025112402C95839
✓ 釋放訂單: FS20251124585C96D0
✓ 釋放訂單: FS202511243B3BCA12
✓ 釋放訂單: FS202511249BECE5CD
✓ 釋放訂單: FS202511246EC5D044
✓ 釋放訂單: FS20251124098C1B0E
✓ 釋放訂單: FS202511241C5B2C40
✓ 釋放訂單: FS20251124CC24254C
✓ 釋放訂單: FS202511245536D8FF
✓ 釋放訂單: FS202511240DFCEB09
✓ 釋放訂單: FS2025112418D909B2
✓ 釋放訂單: FS2025112479C44630
✓ 釋放訂單: FS202511248A966785
✓ 釋放訂單: FS202511245A0282D9
✓ 釋放訂單: FS20251124FFA1EE23
✓ 釋放訂單: FS20251124FF4DFC3D
✓ 釋放訂單: FS20251124BB3C96BD
✓ 釋放訂單: FS2025112474142E81
✓ 釋放訂單: FS20251124E71B9647
✓ 釋放訂單: FS202511245EE728FA
✓ 釋放訂單: FS20251124CCDEF4F8
✓ 釋放訂單: FS20251124650A29F0
✓ 釋放訂單: FS202511243A37041D
✓ 釋放訂單: FS20251124F86E6EFB
✓ 釋放訂單: FS202511248D2C5B88
✓ 釋放訂單: FS2025112413CAE136
✓ 釋放訂單: FS20251124F7721518
✓ 釋放訂單: FS20251124A82605FA
✓ 釋放訂單: FS20251124211134B1
✓ 釋放訂單: FS2025112411345E41
✓ 釋放訂單: FS20251124386BDFC8
✓ 釋放訂單: FS202511240545FB5D
✓ 釋放訂單: FS20251124BBE306AA
✓ 釋放訂單: FS20251124D879F9DE
✓ 釋放訂單: FS20251124336E22A8
✓ 釋放訂單: FS2025112476CB3328
✓ 釋放訂單: FS20251124BA766748
✓ 釋放訂單: FS20251124B7002856
✓ 釋放訂單: FS202511249E7C7222
✓ 釋放訂單: FS202511241B3FD97C
✓ 釋放訂單: FS20251124524BD89D
✓ 釋放訂單: FS202511248B84912D
✓ 釋放訂單: FS2025112488E2BC3F
✓ 釋放訂單: FS2025112460BF072B
✓ 釋放訂單: FS202511245483A84C
✓ 釋放訂單: FS202511245F2237F7
✓ 釋放訂單: FS202511242C8FFF07
✓ 釋放訂單: FS2025112401ADC356
✓ 釋放訂單: FS2025112472CF314E
✓ 釋放訂單: FS202511244ED953EE
✓ 釋放訂單: FS20251124808FCC29
✓ 釋放訂單: FS20251124816E5709
✓ 釋放訂單: FS20251124B544F2E8
✓ 釋放訂單: FS20251124226D8D13
✓ 釋放訂單: FS20251124CE0EB057
✓ 釋放訂單: FS202511244C17485A
✓ 釋放訂單: FS202511244624E62E
✓ 釋放訂單: FS202511246DB4485E
✓ 釋放訂單: FS20251124F642B515
✓ 釋放訂單: FS20251124DEEAC771
✓ 釋放訂單: FS20251124EF774181
✓ 釋放訂單: FS202511243F1F276A
✓ 釋放訂單: FS202511244FA46BCE
✓ 釋放訂單: FS20251124202B6DE1
✓ 釋放訂單: FS202511243FAAC01E
✓ 釋放訂單: FS202511249777E3CA
✓ 釋放訂單: FS202511249553F933
✓ 釋放訂單: FS20251124CABBCAE4
✓ 釋放訂單: FS202511249915F620
✓ 釋放訂單: FS202511249AB54D80
✓ 釋放訂單: FS20251124360070FB
✓ 釋放訂單: FS202511245B78ADDE
✓ 釋放訂單: FS2025112497C6F173
✓ 釋放訂單: FS2025112428B54AF6
✓ 釋放訂單: FS202511241DAAC38F
✓ 釋放訂單: FS20251124DD13470F
✓ 釋放訂單: FS2025112473CCFD11
✓ 釋放訂單: FS202511247BEDE722
✓ 釋放訂單: FS2025112439CCA3C3
✓ 釋放訂單: FS20251124FAF2BC84
✓ 釋放訂單: FS202511240F19B27B
✓ 釋放訂單: FS20251124B97ECBA4
✓ 釋放訂單: FS20251124B0C33A4F
✓ 釋放訂單: FS2025112467CFC59D
✓ 釋放訂單: FS2025112497640655
✓ 釋放訂單: FS202511246217B8A3
✓ 釋放訂單: FS20251124D7B32551
✓ 釋放訂單: FS20251124DDC07744
✓ 釋放訂單: FS20251124B22F8A96
✓ 釋放訂單: FS20251124BE51288E
✓ 釋放訂單: FS2025112461B05101
✓ 釋放訂單: FS2025112476D1ED7E
✓ 釋放訂單: FS202511246A50B557
✓ 釋放訂單: FS202511242C7BDC0D
✓ 釋放訂單: FS20251124894959C0
✓ 釋放訂單: FS202511244CB22931
✓ 釋放訂單: FS202511247DBF1267
✓ 釋放訂單: FS202511246B1A308B
✓ 釋放訂單: FS20251124D166E54E
✓ 釋放訂單: FS2025112486517E30
✓ 釋放訂單: FS20251124392F4991
✓ 釋放訂單: FS2025112499C28E95
✓ 釋放訂單: FS20251124AE2D2427
✓ 釋放訂單: FS20251124C18B550A
✓ 釋放訂單: FS2025112449A2BBE4
✓ 釋放訂單: FS20251124D0715D9D
✓ 釋放訂單: FS20251124885EF3E8
✓ 釋放訂單: FS20251124C4BF8945
✓ 釋放訂單: FS20251124590EC22A
✓ 釋放訂單: FS202511243EC1F236
✓ 釋放訂單: FS202511246583F2E2
✓ 釋放訂單: FS20251124B3611A95
✓ 釋放訂單: FS2025112491C7C964
✓ 釋放訂單: FS202511249DAB1746
✓ 釋放訂單: FS202511245D96ACDE
✓ 釋放訂單: FS20251124FFA19A48
✓ 釋放訂單: FS202511245D387B2F
✓ 釋放訂單: FS20251124CF05B1B2
✓ 釋放訂單: FS20251124254A5697
✓ 釋放訂單: FS20251124925F1779
✓ 釋放訂單: FS20251124ED7624F1
✓ 釋放訂單: FS202511240FEE66E7
✓ 釋放訂單: FS20251124C581FDEF
✓ 釋放訂單: FS202511244925432A
✓ 釋放訂單: FS202511244D6FC0B0
✓ 釋放訂單: FS20251124C14DF916
✓ 釋放訂單: FS20251124010030DF
✓ 釋放訂單: FS20251124CD007879
✓ 釋放訂單: FS20251124ADF32F6F
✓ 釋放訂單: FS2025112483CA414D
✓ 釋放訂單: FS20251124AE6A4571
✓ 釋放訂單: FS20251124EF5A0D74
✓ 釋放訂單: FS20251124660D3ED5
✓ 釋放訂單: FS2025112414EEDDA4
✓ 釋放訂單: FS20251124709CDD59
✓ 釋放訂單: FS202511242E363E29
✓ 釋放訂單: FS20251124FD91EA08
✓ 釋放訂單: FS2025112413329813
✓ 釋放訂單: FS20251124F64FB646
✓ 釋放訂單: FS20251124D1B67D87
✓ 釋放訂單: FS20251124F0688EBB
✓ 釋放訂單: FS202511248FAE5A1A
✓ 釋放訂單: FS2025112464D8D54E
✓ 釋放訂單: FS20251124F2B8CA99
✓ 釋放訂單: FS20251124B23586CC
✓ 釋放訂單: FS20251124F50991C4
✓ 釋放訂單: FS20251124EB6DA90D
✓ 釋放訂單: FS202511243BED1737
✓ 釋放訂單: FS20251124E7183444
✓ 釋放訂單: FS20251124DE3E62B2
✓ 釋放訂單: FS2025112435353680
✓ 釋放訂單: FS202511240F5B8B91
✓ 釋放訂單: FS20251124BD982237
✓ 釋放訂單: FS202511243A4658E0
✓ 釋放訂單: FS202511244B20A360
✓ 釋放訂單: FS20251124E6EB14F3
✓ 釋放訂單: FS20251124EAB28143
✓ 釋放訂單: FS20251124083344DD
✓ 釋放訂單: FS20251124CB007B41
✓ 釋放訂單: FS2025112493732C3C
✓ 釋放訂單: FS2025112442AEAC08
✓ 釋放訂單: FS20251124B2527A00
✓ 釋放訂單: FS20251124F7870DD1
✓ 釋放訂單: FS20251124DE70B350
✓ 釋放訂單: FS202511243CB3875D
✓ 釋放訂單: FS202511248610D09E
✓ 釋放訂單: FS20251124366F460F
✓ 釋放訂單: FS2025112484110FA9
✓ 釋放訂單: FS20251124D2491301
✓ 釋放訂單: FS202511247D3B406C
✓ 釋放訂單: FS2025112449FEF336
✓ 釋放訂單: FS20251124DD342FCC
✓ 釋放訂單: FS20251124483F0CC4
✓ 釋放訂單: FS20251124AA28751F
✓ 釋放訂單: FS202511240A37D975
✓ 釋放訂單: FS2025112410BB87F9
✓ 釋放訂單: FS2025112492DA4B7E
✓ 釋放訂單: FS2025112499A64532
✓ 釋放訂單: FS202511244C458A29
✓ 釋放訂單: FS20251124CC938B28
✓ 釋放訂單: FS20251124B16E7884
✓ 釋放訂單: FS20251124DED0CA39
✓ 釋放訂單: FS2025112494966C9F
✓ 釋放訂單: FS202511245BF4D0F3
✓ 釋放訂單: FS202511248007BAB4
✓ 釋放訂單: FS20251124ECD4DF9F
✓ 釋放訂單: FS2025112448708441
✓ 釋放訂單: FS20251124BCB9F7D3
✓ 釋放訂單: FS202511242837DC6B
✓ 釋放訂單: FS202511242BD061B2
✓ 釋放訂單: FS2025112443DF95CA
✓ 釋放訂單: FS2025112454E4DB8B
✓ 釋放訂單: FS2025112412365843
✓ 釋放訂單: FS20251124F368682D
✓ 釋放訂單: FS20251124595FB006
✓ 釋放訂單: FS202511247B679006
✓ 釋放訂單: FS202511249F809616
✓ 釋放訂單: FS2025112413DBCC63
✓ 釋放訂單: FS2025112438523352
✓ 釋放訂單: FS202511247EEF0C74
✓ 釋放訂單: FS202511249692B608
✓ 釋放訂單: FS202511246F5F0DB6
✓ 釋放訂單: FS202511241DD4E4C5
✓ 釋放訂單: FS202511248E80B21F
✓ 釋放訂單: FS20251124413106AE
✓ 釋放訂單: FS20251124DD91EDE6
✓ 釋放訂單: FS202511245999C8CE
✓ 釋放訂單: FS20251124A14D3632
✓ 釋放訂單: FS20251124A57E92DB
✓ 釋放訂單: FS20251124DA779D19
✓ 釋放訂單: FS202511240923EA66
✓ 釋放訂單: FS2025112499ED75DA
✓ 釋放訂單: FS20251124D2F565F0
✓ 釋放訂單: FS20251124255E1106
✓ 釋放訂單: FS20251124143582D6
✓ 釋放訂單: FS202511249D457229
✓ 釋放訂單: FS2025112402FAA37E
✓ 釋放訂單: FS20251124ACC05FC0
✓ 釋放訂單: FS2025112404B4DF90
✓ 釋放訂單: FS202511243F9388C1
✓ 釋放訂單: FS202511242915F4BB
✓ 釋放訂單: FS2025112449170DA1
✓ 釋放訂單: FS20251124C918E0B2
✓ 釋放訂單: FS20251124A00C9B72
✓ 釋放訂單: FS202511248B126C1B
✓ 釋放訂單: FS202511243869D587
✓ 釋放訂單: FS20251124255072CB
✓ 釋放訂單: FS20251124E90D8E35
✓ 釋放訂單: FS20251124BA2830E4
✓ 釋放訂單: FS20251124524E50F1
✓ 釋放訂單: FS20251124E0A31E20
✓ 釋放訂單: FS20251124A9ED3AC8
✓ 釋放訂單: FS202511241DE3B6BE
✓ 釋放訂單: FS20251124B9DB9D13
✓ 釋放訂單: FS20251124BF9762F7
✓ 釋放訂單: FS202511240E6F8924
✓ 釋放訂單: FS20251124AF135D35
✓ 釋放訂單: FS20251124E3984A5E
✓ 釋放訂單: FS202511245E2D1EFA
✓ 釋放訂單: FS20251124292CE0E6
✓ 釋放訂單: FS2025112411987CDE
✓ 釋放訂單: FS202511240F2040B6
✓ 釋放訂單: FS20251124A200BEA0
✓ 釋放訂單: FS20251124F3F44A5A
✓ 釋放訂單: FS20251124DCB384FC
✓ 釋放訂單: FS202511246513A1C1
✓ 釋放訂單: FS2025112439216301
✓ 釋放訂單: FS20251124F6C8C3FF
✓ 釋放訂單: FS20251124C3C89AB7
✓ 釋放訂單: FS20251124335E6024
✓ 釋放訂單: FS20251124F656639A
✓ 釋放訂單: FS20251124AADF3695
✓ 釋放訂單: FS20251124B0891150
✓ 釋放訂單: FS202511240FC4B275
✓ 釋放訂單: FS2025112425F739EB
✓ 釋放訂單: FS20251124EF1C8CF3
✓ 釋放訂單: FS202511245172CC8E
✓ 釋放訂單: FS20251124A2531315
✓ 釋放訂單: FS20251124288A3488
✓ 釋放訂單: FS20251124A7CB4011
✓ 釋放訂單: FS202511249B30C5CE
✓ 釋放訂單: FS202511241FC2BE54
✓ 釋放訂單: FS2025112485873A88
✓ 釋放訂單: FS20251124BBC03B37
✓ 釋放訂單: FS202511242CF62761
✓ 釋放訂單: FS20251124467F586F
✓ 釋放訂單: FS202511244C9B7CEE
✓ 釋放訂單: FS20251124100B4530
✓ 釋放訂單: FS20251124863D8870
✓ 釋放訂單: FS202511248F491B8A
✓ 釋放訂單: FS20251124AC6B2B3F
✓ 釋放訂單: FS20251124DAE6034D
✓ 釋放訂單: FS20251124BF7B6300
✓ 釋放訂單: FS2025112417FC6236
✓ 釋放訂單: FS202511242648BD34
✓ 釋放訂單: FS202511240C1745CB
✓ 釋放訂單: FS2025112488D7ADD5
✓ 釋放訂單: FS20251124C67854E1
✓ 釋放訂單: FS202511249812A96B
✓ 釋放訂單: FS202511240B06867C
✓ 釋放訂單: FS20251124DDF41F67
✓ 釋放訂單: FS20251124A8CFCFA8
✓ 釋放訂單: FS20251124A39F15EF
✓ 釋放訂單: FS2025112412538367
✓ 釋放訂單: FS2025112479729D5C
✓ 釋放訂單: FS20251124D6B399D5
✓ 釋放訂單: FS20251124402BCD15
✓ 釋放訂單: FS2025112403AA711C
✓ 釋放訂單: FS202511240C43AB58
✓ 釋放訂單: FS202511247FF77D7C
✓ 釋放訂單: FS20251124DB0F7BE3
✓ 釋放訂單: FS20251124D377D500
✓ 釋放訂單: FS2025112471E58FD4
✓ 釋放訂單: FS2025112479DE9A9E
✓ 釋放訂單: FS202511240A75EEFB
✓ 釋放訂單: FS20251124F9C3F913
✓ 釋放訂單: FS2025112454616E42
✓ 釋放訂單: FS20251124828DFFB7
✓ 釋放訂單: FS20251124B87D6F7F
✓ 釋放訂單: FS20251124D2FC46BD
✓ 釋放訂單: FS20251124A1EA9134
✓ 釋放訂單: FS202511246CBFA2CE
✓ 釋放訂單: FS20251124202A576C
✓ 釋放訂單: FS20251124166456DD
✓ 釋放訂單: FS20251124D3281E13
✓ 釋放訂單: FS20251124C5C47A96
✓ 釋放訂單: FS202511249FE9E54C
✓ 釋放訂單: FS202511243B3FDFB1
✓ 釋放訂單: FS20251124FD4FA83E
✓ 釋放訂單: FS20251124E3516AB2
✓ 釋放訂單: FS20251124E527BA36
✓ 釋放訂單: FS2025112418E61ED9
✓ 釋放訂單: FS202511240742DB9D
✓ 釋放訂單: FS202511247FFFD8A8
✓ 釋放訂單: FS202511241707632E
✓ 釋放訂單: FS20251124172B39DD
✓ 釋放訂單: FS20251124D960B2D2
✓ 釋放訂單: FS20251124F2471B41
✓ 釋放訂單: FS20251124C8F299F5
✓ 釋放訂單: FS202511242B23DBB8
✓ 釋放訂單: FS20251124D5B901FD
✓ 釋放訂單: FS20251124ED53B314
✓ 釋放訂單: FS202511244D25445E
✓ 釋放訂單: FS20251124ADC7F7DB
✓ 釋放訂單: FS20251124BEC569C5
✓ 釋放訂單: FS20251124C82171AF
✓ 釋放訂單: FS202511246665D441
✓ 釋放訂單: FS20251124CD075F80
✓ 釋放訂單: FS2025112434D19BE3
✓ 釋放訂單: FS20251124ABF5A8CD
✓ 釋放訂單: FS202511245B1DF616
✓ 釋放訂單: FS20251124CE01B8D2
✓ 釋放訂單: FS20251124D463D113
✓ 釋放訂單: FS20251124036B16C2
✓ 釋放訂單: FS202511241330D3FA
✓ 釋放訂單: FS202511241A1CD5B0
✓ 釋放訂單: FS20251124F00E329D
✓ 釋放訂單: FS202511241855912A
✓ 釋放訂單: FS202511243E833292
✓ 釋放訂單: FS20251124F0FA4372
✓ 釋放訂單: FS2025112472D21668
✓ 釋放訂單: FS202511240531A073
✓ 釋放訂單: FS202511248BD42A3F
✓ 釋放訂單: FS20251124BD71B25F
✓ 釋放訂單: FS202511242A41DC04
✓ 釋放訂單: FS20251124808BE768
✓ 釋放訂單: FS20251124042775B1
✓ 釋放訂單: FS2025112430B52AEC
✓ 釋放訂單: FS20251124B722DD6C
✓ 釋放訂單: FS20251124B8119E57
✓ 釋放訂單: FS20251124825645BC
✓ 釋放訂單: FS20251124D9134566
✓ 釋放訂單: FS20251124E9C0534E
✓ 釋放訂單: FS2025112476A7AAE8
✓ 釋放訂單: FS20251124EB02DDB0
✓ 釋放訂單: FS20251124A5EE4800
✓ 釋放訂單: FS2025112425205A60
✓ 釋放訂單: FS20251124FCA7D4F7
✓ 釋放訂單: FS202511241735FC22
✓ 釋放訂單: FS20251124735E3FA3
✓ 釋放訂單: FS20251124AF9D5C2B
✓ 釋放訂單: FS202511242FD35BB3
✓ 釋放訂單: FS20251124FD3670DA
✓ 釋放訂單: FS2025112408A2D120
✓ 釋放訂單: FS202511247FF86698
✓ 釋放訂單: FS202511248185BB81
✓ 釋放訂單: FS2025112425BC67C7
✓ 釋放訂單: FS20251124967F7163
✓ 釋放訂單: FS2025112489438AA7
✓ 釋放訂單: FS20251124569D0C3C
✓ 釋放訂單: FS2025112438F3C880
✓ 釋放訂單: FS20251124DAFD328D
✓ 釋放訂單: FS202511244652A118
✓ 釋放訂單: FS20251124C302497D
✓ 釋放訂單: FS2025112470612615
✓ 釋放訂單: FS202511241D00E657
✓ 釋放訂單: FS20251124A00A86CC
✓ 釋放訂單: FS20251124CC6340FE
✓ 釋放訂單: FS202511246CA93D14
✓ 釋放訂單: FS20251124E555EB61
✓ 釋放訂單: FS20251124AA2E75AA
✓ 釋放訂單: FS20251124E843DDBC
✓ 釋放訂單: FS20251124453354A6
✓ 釋放訂單: FS202511243FF28AA7
✓ 釋放訂單: FS20251124BC5A257D
✓ 釋放訂單: FS20251124113810E3
✓ 釋放訂單: FS20251124A7484EAD
✓ 釋放訂單: FS20251124DA0C201D
✓ 釋放訂單: FS202511241DF82C97
✓ 釋放訂單: FS20251124FBD6AB9D
✓ 釋放訂單: FS20251124B77558D7
✓ 釋放訂單: FS202511247E9E4835
✓ 釋放訂單: FS202511244375EC73
✓ 釋放訂單: FS2025112446ABC4C7
✓ 釋放訂單: FS20251124E43951D2
✓ 釋放訂單: FS20251124159A216F
✓ 釋放訂單: FS20251124EF801381
✓ 釋放訂單: FS2025112446ACAC47
✓ 釋放訂單: FS20251124CA77211C
✓ 釋放訂單: FS202511249B5445E6
✓ 釋放訂單: FS20251124FF7A54B7
✓ 釋放訂單: FS20251124C4067F74
✓ 釋放訂單: FS202511244F91F66D
✓ 釋放訂單: FS20251124D18FCA28
✓ 釋放訂單: FS20251124A11CF4C5
✓ 釋放訂單: FS202511242B69DFFE
✓ 釋放訂單: FS20251124B243EF61
✓ 釋放訂單: FS2025112482B68204
✓ 釋放訂單: FS2025112407599529
✓ 釋放訂單: FS202511241D6DBFBA
✓ 釋放訂單: FS202511246E7106F6
✓ 釋放訂單: FS20251124F3DADEEC
✓ 釋放訂單: FS20251124366D07EA
✓ 釋放訂單: FS20251124DB2665F7
✓ 釋放訂單: FS202511245890EE35
✓ 釋放訂單: FS202511247AA4C23A
✓ 釋放訂單: FS20251124C59521C5
✓ 釋放訂單: FS202511248C7819F9
✓ 釋放訂單: FS202511244CA5ED09
✓ 釋放訂單: FS20251124E8D9881F
✓ 釋放訂單: FS20251124721D8290
✓ 釋放訂單: FS20251124D5DCDAB7
✓ 釋放訂單: FS20251124797AE064
✓ 釋放訂單: FS20251124C0BACF27
✓ 釋放訂單: FS202511246404B6B5
✓ 釋放訂單: FS2025112479FBAAA9
✓ 釋放訂單: FS20251124DCDF6517
✓ 釋放訂單: FS20251124269B67C7
✓ 釋放訂單: FS202511241FB53248
✓ 釋放訂單: FS20251124E8F14757
✓ 釋放訂單: FS20251124D9BFA444
✓ 釋放訂單: FS20251124F51B1F29
✓ 釋放訂單: FS202511243F5AE48B
✓ 釋放訂單: FS20251124C098FB46
✓ 釋放訂單: FS20251124620BF17E
✓ 釋放訂單: FS20251124637B6507
✓ 釋放訂單: FS202511244DD60584
✓ 釋放訂單: FS20251124E7B89906
✓ 釋放訂單: FS202511242C5DB807
✓ 釋放訂單: FS20251124D58E1420
✓ 釋放訂單: FS2025112476D0D305
✓ 釋放訂單: FS2025112463F9DD6A
✓ 釋放訂單: FS2025112462A59A68
✓ 釋放訂單: FS20251124CED4A5A5
✓ 釋放訂單: FS20251124066D9BD0
✓ 釋放訂單: FS202511243B0ADF7F
✓ 釋放訂單: FS202511247E6713DD
✓ 釋放訂單: FS2025112430941C5D
✓ 釋放訂單: FS2025112463E80475
✓ 釋放訂單: FS20251124A869ABD4
✓ 釋放訂單: FS20251124DF5F9EF8
✓ 釋放訂單: FS20251124F909B2BD
✓ 釋放訂單: FS20251124C6F4C33F
✓ 釋放訂單: FS2025112470343CBA
✓ 釋放訂單: FS20251124A7E244A1
✓ 釋放訂單: FS20251124390B81C8
✓ 釋放訂單: FS20251124700C2473
✓ 釋放訂單: FS20251124311558D1
✓ 釋放訂單: FS20251124622FA7EB
✓ 釋放訂單: FS202511242118C6AB
✓ 釋放訂單: FS20251124E9AF8CE6
✓ 釋放訂單: FS2025112413EB655F
✓ 釋放訂單: FS202511249BD134F8
✓ 釋放訂單: FS202511245E129EE7
✓ 釋放訂單: FS20251124C6BB5E16
✓ 釋放訂單: FS202511249DD4895D
✓ 釋放訂單: FS202511242A5B0F48
✓ 釋放訂單: FS202511241C833F7D
✓ 釋放訂單: FS2025112479D77DC2
✓ 釋放訂單: FS20251124E25CDBE6
✓ 釋放訂單: FS202511242939901C
✓ 釋放訂單: FS2025112485DE0E7D
✓ 釋放訂單: FS2025112450A684FF
✓ 釋放訂單: FS202511247BED3458
✓ 釋放訂單: FS20251124BABB27BC
✓ 釋放訂單: FS202511241FE777AF
✓ 釋放訂單: FS202511246E6520DF
✓ 釋放訂單: FS2025112489964A8F
✓ 釋放訂單: FS20251124076037EB
✓ 釋放訂單: FS202511244165F69B
✓ 釋放訂單: FS20251124BB7A19E5
✓ 釋放訂單: FS202511248267B288
✓ 釋放訂單: FS202511240442CAAA
✓ 釋放訂單: FS20251124E4CE50FB
✓ 釋放訂單: FS202511244EF03C84
✓ 釋放訂單: FS20251124008308E5
✓ 釋放訂單: FS20251124FCCDD380
✓ 釋放訂單: FS20251124DB9FC91B
✓ 釋放訂單: FS202511247B5FA6AE
✓ 釋放訂單: FS202511246E5EEC57
✓ 釋放訂單: FS20251124E40FC8AC
✓ 釋放訂單: FS202511243CE340D5
✓ 釋放訂單: FS202511244A78D38D
✓ 釋放訂單: FS20251124CB1C4EF0
✓ 釋放訂單: FS2025112472AB19A4
✓ 釋放訂單: FS2025112416D0FC9A
✓ 釋放訂單: FS20251124F25BDD6E
✓ 釋放訂單: FS20251124980D7A39
✓ 釋放訂單: FS202511241EFAFE64
✓ 釋放訂單: FS20251124F9DF2B2D
✓ 釋放訂單: FS2025112491CEE816
✓ 釋放訂單: FS202511248A14A057
✓ 釋放訂單: FS20251124CEDA838C
✓ 釋放訂單: FS202511240719886C
✓ 釋放訂單: FS2025112451FFF263
✓ 釋放訂單: FS2025112427B6C9B3
✓ 釋放訂單: FS2025112411584B50
✓ 釋放訂單: FS20251124A3AE99AC
✓ 釋放訂單: FS202511249C522445
✓ 釋放訂單: FS202511242B7F709A
✓ 釋放訂單: FS20251124EF30BA23
✓ 釋放訂單: FS20251124318C7C48
✓ 釋放訂單: FS202511247A3120FD
✓ 釋放訂單: FS20251124ABEC94F7
✓ 釋放訂單: FS20251124AA3447C1
✓ 釋放訂單: FS202511246C4744E2
✓ 釋放訂單: FS20251124340A76D1
✓ 釋放訂單: FS20251124B84CB094
✓ 釋放訂單: FS20251124FC1DFE9C
✓ 釋放訂單: FS202511241542D8E8
✓ 釋放訂單: FS2025112462DF1B58
✓ 釋放訂單: FS2025112403CE6FAB
✓ 釋放訂單: FS20251124EFDBB122
✓ 釋放訂單: FS2025112463948376
✓ 釋放訂單: FS20251124BC3ED5B3
✓ 釋放訂單: FS20251124838D68E2
✓ 釋放訂單: FS2025112416D854F6
✓ 釋放訂單: FS2025112424150072
✓ 釋放訂單: FS202511240A52DE21
✓ 釋放訂單: FS2025112401AB11AE
✓ 釋放訂單: FS2025112454A45AB5
✓ 釋放訂單: FS20251124BF3D3E6F
✓ 釋放訂單: FS202511242CD3FF40
✓ 釋放訂單: FS202511249075289E
✓ 釋放訂單: FS202511247BD1E0DF
✓ 釋放訂單: FS20251124370744F8
✓ 釋放訂單: FS2025112467A5B9CF
✓ 釋放訂單: FS20251124DAC1419F
✓ 釋放訂單: FS20251124CC05FA7A
✓ 釋放訂單: FS20251124BCED0A74
✓ 釋放訂單: FS2025112496C77DB8
✓ 釋放訂單: FS2025112423D2FE3E
✓ 釋放訂單: FS20251124585E3E9F
✓ 釋放訂單: FS20251124A8F76FB5
✓ 釋放訂單: FS20251124E9B685EC
✓ 釋放訂單: FS20251124A1B291C8
✓ 釋放訂單: FS20251124FF993ADF
✓ 釋放訂單: FS20251124461F8AD6
✓ 釋放訂單: FS202511242BF087DE
✓ 釋放訂單: FS20251124E05758E1
✓ 釋放訂單: FS2025112425C233DF
✓ 釋放訂單: FS20251124A5C2DA56
✓ 釋放訂單: FS2025112457727BF2
✓ 釋放訂單: FS20251124DE7B5D48
✓ 釋放訂單: FS2025112415BDA0EA
✓ 釋放訂單: FS20251124C8ED366A
✓ 釋放訂單: FS20251124EA47493F
✓ 釋放訂單: FS202511242599BCE4
✓ 釋放訂單: FS202511249103AAE6
✓ 釋放訂單: FS2025112404CCC582
✓ 釋放訂單: FS20251124EF5D5E96
✓ 釋放訂單: FS202511241E477A97
✓ 釋放訂單: FS2025112413E292BB
✓ 釋放訂單: FS202511241DD08B77
✓ 釋放訂單: FS20251124821AAE60
✓ 釋放訂單: FS20251124BD1DAE63
✓ 釋放訂單: FS20251124CA9A93D9
✓ 釋放訂單: FS202511241B43B0A4
✓ 釋放訂單: FS2025112469017571
✓ 釋放訂單: FS2025112452065DB8
✓ 釋放訂單: FS2025112445C017F9
✓ 釋放訂單: FS20251124F5F8B123
✓ 釋放訂單: FS202511242A80614E
✓ 釋放訂單: FS20251124B71BAAC2
✓ 釋放訂單: FS2025112400A99D9C
✓ 釋放訂單: FS202511246745AE1A
✓ 釋放訂單: FS20251124F8D3BD9D
✓ 釋放訂單: FS20251124548C3AA6
✓ 釋放訂單: FS20251124133B76CE
✓ 釋放訂單: FS20251124A92C2B26
✓ 釋放訂單: FS20251124A1E27559
✓ 釋放訂單: FS2025112447DBA8A4
✓ 釋放訂單: FS20251124AB1017EA
✓ 釋放訂單: FS2025112494EFB81B
✓ 釋放訂單: FS2025112427754AC9
✓ 釋放訂單: FS202511243862C11D
✓ 釋放訂單: FS20251124C6F797DE
✓ 釋放訂單: FS202511246D1FFFD1
✓ 釋放訂單: FS202511242D4F46AB
✓ 釋放訂單: FS20251124122CC56D
✓ 釋放訂單: FS2025112486301527
✓ 釋放訂單: FS20251124BDA924C2
✓ 釋放訂單: FS202511245C138948
✓ 釋放訂單: FS202511242649176C
✓ 釋放訂單: FS202511249A9872FB
✓ 釋放訂單: FS20251124C222B251
✓ 釋放訂單: FS20251124094A4FAC
✓ 釋放訂單: FS20251124F51661DC
✓ 釋放訂單: FS20251124A253C0B3
✓ 釋放訂單: FS2025112464FABD10
✓ 釋放訂單: FS202511243AC2ADA8
✓ 釋放訂單: FS20251124820A95EB
✓ 釋放訂單: FS20251124804C4C40
✓ 釋放訂單: FS2025112432B46280
✓ 釋放訂單: FS20251124FD9EA869
✓ 釋放訂單: FS202511247562073B
✓ 釋放訂單: FS202511247650C75F
✓ 釋放訂單: FS20251124923A5046
✓ 釋放訂單: FS202511241E60C9D5
✓ 釋放訂單: FS202511242BB0DFCA
✓ 釋放訂單: FS2025112489D4ABA1
✓ 釋放訂單: FS202511249F0C4841
✓ 釋放訂單: FS20251124091896BB
✓ 釋放訂單: FS2025112412869BC0
✓ 釋放訂單: FS202511246D650764
✓ 釋放訂單: FS20251124EA089B55
✓ 釋放訂單: FS202511240E8D5C91
✓ 釋放訂單: FS202511246F8E2AFF
✓ 釋放訂單: FS2025112451106091
✓ 釋放訂單: FS20251124C2D365B3
✓ 釋放訂單: FS20251124A53D612B
✓ 釋放訂單: FS20251124A5F25AF3
✓ 釋放訂單: FS20251124F800C095
✓ 釋放訂單: FS2025112417E3C8C6
✓ 釋放訂單: FS202511245DA89C28
✓ 釋放訂單: FS20251124B3B0FD16
✓ 釋放訂單: FS20251124EEAAAC5E
✓ 釋放訂單: FS20251124287F5369
✓ 釋放訂單: FS202511242F4A6DD4
✓ 釋放訂單: FS20251124673E9776
✓ 釋放訂單: FS2025112415283C1D
✓ 釋放訂單: FS202511247182632A
✓ 釋放訂單: FS20251124BC1E47C8
✓ 釋放訂單: FS20251124AA3F5A90
✓ 釋放訂單: FS2025112449ECF7B0
✓ 釋放訂單: FS2025112439DDA529
✓ 釋放訂單: FS2025112471E2D4E0
✓ 釋放訂單: FS202511243096C2A0
✓ 釋放訂單: FS20251124A6D80DFF
✓ 釋放訂單: FS20251124498DDD8C
✓ 釋放訂單: FS2025112441CA43A4
✓ 釋放訂單: FS20251124B38B6D33
✓ 釋放訂單: FS202511241CEAC01B
✓ 釋放訂單: FS20251124E1F382EB
✓ 釋放訂單: FS202511248EF7DF58
✓ 釋放訂單: FS202511240E496C8D
✓ 釋放訂單: FS20251124B3B100BF
✓ 釋放訂單: FS20251124C642E0E5
✓ 釋放訂單: FS2025112426064EDC
✓ 釋放訂單: FS20251124FDE69AEB
✓ 釋放訂單: FS2025112405B2F7D0
✓ 釋放訂單: FS202511241F82B504
✓ 釋放訂單: FS202511245F2491B7
✓ 釋放訂單: FS20251124EA27597E
✓ 釋放訂單: FS20251124EC09921D
✓ 釋放訂單: FS202511246E0BDCDD
✓ 釋放訂單: FS20251124FA723629
✓ 釋放訂單: FS20251124C5681E16
✓ 釋放訂單: FS20251124E2B2EB3A
✓ 釋放訂單: FS202511243F5FA80D
✓ 釋放訂單: FS20251124665A314F
✓ 釋放訂單: FS20251124B71D15BF
✓ 釋放訂單: FS2025112468B67846
✓ 釋放訂單: FS20251124CCD17230
✓ 釋放訂單: FS20251124BBD264F7
✓ 釋放訂單: FS202511248080D522
✓ 釋放訂單: FS202511244EED04C1
✓ 釋放訂單: FS202511245C95EA00
✓ 釋放訂單: FS20251124AFCCEE46
✓ 釋放訂單: FS20251124062C8B02
✓ 釋放訂單: FS20251124808D5B3D
✓ 釋放訂單: FS20251124E3256DDD
✓ 釋放訂單: FS202511248A50DCEA
✓ 釋放訂單: FS20251124A6E1D876
✓ 釋放訂單: FS20251124D79C9162
✓ 釋放訂單: FS2025112453E0E1C2
✓ 釋放訂單: FS2025112438A399D3
✓ 釋放訂單: FS2025112449AB31D7
✓ 釋放訂單: FS2025112427513FAA
✓ 釋放訂單: FS202511243E8C8ED6
✓ 釋放訂單: FS202511247D84C1C8
✓ 釋放訂單: FS202511242F22DC1F
✓ 釋放訂單: FS202511243AF0CFFE
✓ 釋放訂單: FS20251124EA729C04
✓ 釋放訂單: FS2025112422A1DF87
✓ 釋放訂單: FS2025112440CF994A
✓ 釋放訂單: FS2025112403D261A6
✓ 釋放訂單: FS2025112474E8D4B6
✓ 釋放訂單: FS2025112498A6D55E
✓ 釋放訂單: FS2025112446C0E6CA
✓ 釋放訂單: FS20251124FA946EE5
✓ 釋放訂單: FS20251124D937E2A1
✓ 釋放訂單: FS202511248B73368A
✓ 釋放訂單: FS202511240C452656
✓ 釋放訂單: FS202511244CFFD072
✓ 釋放訂單: FS20251124387032E8
✓ 釋放訂單: FS202511244CA55A1F
✓ 釋放訂單: FS20251124AA1C64A1
✓ 釋放訂單: FS20251124B43D4733
✓ 釋放訂單: FS2025112474448321
✓ 釋放訂單: FS202511241BE1240C
✓ 釋放訂單: FS20251124F5216C0B
✓ 釋放訂單: FS20251124BDA711D5
✓ 釋放訂單: FS20251124EFAD32CC
✓ 釋放訂單: FS20251124E57888BB
✓ 釋放訂單: FS202511241ABCDBEA
✓ 釋放訂單: FS202511241476320B
✓ 釋放訂單: FS20251124A9CAACE3
✓ 釋放訂單: FS202511247A5CFC7F
✓ 釋放訂單: FS202511243A8B4794
✓ 釋放訂單: FS20251124BA7348A4
✓ 釋放訂單: FS2025112404C23D92
✓ 釋放訂單: FS2025112493715CCD
✓ 釋放訂單: FS20251124E8010313
✓ 釋放訂單: FS20251124D232E8CB
✓ 釋放訂單: FS2025112463BCA08C
✓ 釋放訂單: FS20251124F1735C33
✓ 釋放訂單: FS20251124485F077E
✓ 釋放訂單: FS20251124B7CA7D75
✓ 釋放訂單: FS202511240FCBC45A
✓ 釋放訂單: FS20251124E7014F19
✓ 釋放訂單: FS202511240F647D6B
✓ 釋放訂單: FS20251124F786CC95
✓ 釋放訂單: FS2025112494340E18
✓ 釋放訂單: FS2025112431008162
✓ 釋放訂單: FS20251124A7B9A1F0
✓ 釋放訂單: FS2025112439F77E7F
✓ 釋放訂單: FS2025112481EF5160
✓ 釋放訂單: FS202511245F9DB5D8
✓ 釋放訂單: FS20251124B073915B

總共成功釋放 993 筆逾時訂單的庫存
沒有逾時未付款的訂單
沒有逾時未付款的訂單
沒有逾時未付款的訂單
沒有逾時未付款的訂單
沒有逾時未付款的訂單
沒有逾時未付款的訂單
沒有逾時未付款的訂單
沒有逾時未付款的訂單
沒有逾時未付款的訂單
沒有逾時未付款的訂單
沒有逾時未付款的訂單
沒有逾時未付款的訂單
沒有逾時未付款的訂單
沒有逾時未付款的訂單
沒有逾時未付款的訂單
✓ 釋放訂單: FS20251124F7A47633
✓ 釋放訂單: FS20251124B213CF06
✓ 釋放訂單: FS20251124CB213430
✓ 釋放訂單: FS20251124C8D9F0E7
✓ 釋放訂單: FS202511249EF814C2
✓ 釋放訂單: FS20251124C59C2CE4
✓ 釋放訂單: FS202511248891EACD
✓ 釋放訂單: FS202511246C63032F
✓ 釋放訂單: FS202511241453E8CF
✓ 釋放訂單: FS20251124E1BDA54C
✓ 釋放訂單: FS2025112442159398
✓ 釋放訂單: FS2025112431F8629E
✓ 釋放訂單: FS202511240B609887
✓ 釋放訂單: FS202511246C3BE3B0
✓ 釋放訂單: FS20251124A934A881
✓ 釋放訂單: FS20251124A1A543E6
✓ 釋放訂單: FS20251124E8B1469A
✓ 釋放訂單: FS20251124D59F093D
✓ 釋放訂單: FS20251124DE19BF3F
✓ 釋放訂單: FS20251124604D5E3C
✓ 釋放訂單: FS20251124F46A1B3C
✓ 釋放訂單: FS2025112475795227
✓ 釋放訂單: FS20251124CD8D419F
✓ 釋放訂單: FS2025112409A90566
✓ 釋放訂單: FS202511242C20B82C
✓ 釋放訂單: FS20251124F4619F65
✓ 釋放訂單: FS20251124A0F0C552
✓ 釋放訂單: FS20251124835D41D8
✓ 釋放訂單: FS2025112479AB6EA6
✓ 釋放訂單: FS2025112436B9BC6B
✓ 釋放訂單: FS20251124D735B073
✓ 釋放訂單: FS20251124A87CDC32
✓ 釋放訂單: FS2025112451AA3193
✓ 釋放訂單: FS20251124DFD38865
✓ 釋放訂單: FS20251124D3B4E1CA
✓ 釋放訂單: FS202511247C99B838
✓ 釋放訂單: FS202511245EC0FC2E
✓ 釋放訂單: FS202511246279CF38
✓ 釋放訂單: FS20251124ACBE1F14
✓ 釋放訂單: FS202511246A631DB6
✓ 釋放訂單: FS202511243ACF3C49
✓ 釋放訂單: FS20251124DA66068F
✓ 釋放訂單: FS20251124ED5C45BF
✓ 釋放訂單: FS20251124A9374825
✓ 釋放訂單: FS20251124CDE22D6A
✓ 釋放訂單: FS2025112488E9F3CC
✓ 釋放訂單: FS20251124E970E104
✓ 釋放訂單: FS20251124B45EA105

總共成功釋放 48 筆逾時訂單的庫存
✓ 釋放訂單: FS20251124ADF93AD7
✓ 釋放訂單: FS20251124DA810E69
✓ 釋放訂單: FS20251124A47F6005
✓ 釋放訂單: FS20251124AD56E83B
✓ 釋放訂單: FS20251124D7F5DA26
✓ 釋放訂單: FS20251124C6030A92
✓ 釋放訂單: FS202511249DDA7C6A
✓ 釋放訂單: FS202511247B864042
✓ 釋放訂單: FS20251124D7927087
✓ 釋放訂單: FS20251124B0B25CB2
✓ 釋放訂單: FS2025112493B563AA
✓ 釋放訂單: FS2025112478C3EAA5
✓ 釋放訂單: FS2025112439F32E45
✓ 釋放訂單: FS202511243452FA7F
✓ 釋放訂單: FS2025112424743C0F
✓ 釋放訂單: FS2025112487611D8A
✓ 釋放訂單: FS2025112490920CB1
✓ 釋放訂單: FS20251124F4F20BAB
✓ 釋放訂單: FS202511244BED299B
✓ 釋放訂單: FS20251124AA21C33C
✓ 釋放訂單: FS2025112465D13404
✓ 釋放訂單: FS20251124AC81E4EA
✓ 釋放訂單: FS202511248526B8AF
✓ 釋放訂單: FS2025112406291DEC
✓ 釋放訂單: FS202511245ECF2F63
✓ 釋放訂單: FS202511241E8A00BD
✓ 釋放訂單: FS20251124443F5074
✓ 釋放訂單: FS20251124B61E4554
✓ 釋放訂單: FS202511247EFA7152
✓ 釋放訂單: FS2025112449F9447F
✓ 釋放訂單: FS20251124CDCD9430
✓ 釋放訂單: FS20251124BF22B522
✓ 釋放訂單: FS2025112456194ED0
✓ 釋放訂單: FS20251124EAE67816
✓ 釋放訂單: FS202511247729F047
✓ 釋放訂單: FS202511243322ECA0
✓ 釋放訂單: FS202511240115F6D4
✓ 釋放訂單: FS20251124841CD1E0
✓ 釋放訂單: FS20251124C87DBBFA
✓ 釋放訂單: FS2025112421BEA7A2
✓ 釋放訂單: FS202511248B3704BA
✓ 釋放訂單: FS20251124F18AF998
✓ 釋放訂單: FS20251124065B5814
✓ 釋放訂單: FS20251124E3980799
✓ 釋放訂單: FS20251124B5EB5DAB
✓ 釋放訂單: FS202511241C9FA177
✓ 釋放訂單: FS20251124053B6DA1
✓ 釋放訂單: FS202511246D9F3993
✓ 釋放訂單: FS20251124AC41E98D
✓ 釋放訂單: FS20251124C869653E
✓ 釋放訂單: FS20251124E94CA29D
✓ 釋放訂單: FS202511243F1939D5
✓ 釋放訂單: FS20251124606A4E26
✓ 釋放訂單: FS2025112462CCA23B
✓ 釋放訂單: FS202511240A7E028F
✓ 釋放訂單: FS202511242DAD875E
✓ 釋放訂單: FS20251124EE057619
✓ 釋放訂單: FS202511240581B694
✓ 釋放訂單: FS202511247BC2F280
✓ 釋放訂單: FS20251124BD146566
✓ 釋放訂單: FS20251124D7AC1DD6
✓ 釋放訂單: FS20251124B18BF6C1
✓ 釋放訂單: FS20251124AD4D79A7
✓ 釋放訂單: FS202511243B981F84
✓ 釋放訂單: FS2025112493192C0A
✓ 釋放訂單: FS202511249BA8EA42
✓ 釋放訂單: FS20251124F95D62AA
✓ 釋放訂單: FS2025112403B14B81
✓ 釋放訂單: FS202511248651D28F
✓ 釋放訂單: FS20251124BB6B8258
✓ 釋放訂單: FS20251124A129EB91
✓ 釋放訂單: FS20251124D0E85D8F
✓ 釋放訂單: FS202511249619A3AD
✓ 釋放訂單: FS20251124AFA25C33
✓ 釋放訂單: FS20251124F4FB4938
✓ 釋放訂單: FS20251124250ADA7D
✓ 釋放訂單: FS20251124369705F4
✓ 釋放訂單: FS20251124BE58A435
✓ 釋放訂單: FS20251124BE9B5C9F
✓ 釋放訂單: FS202511245481E2A6
✓ 釋放訂單: FS2025112406E05F0B
✓ 釋放訂單: FS202511245E6770E7
✓ 釋放訂單: FS20251124D16406A6
✓ 釋放訂單: FS20251124D417B399
✓ 釋放訂單: FS202511243B949609
✓ 釋放訂單: FS2025112408F0A6AA
✓ 釋放訂單: FS202511248406CC9C
✓ 釋放訂單: FS202511243C4582F3
✓ 釋放訂單: FS20251124C25ABE0A
✓ 釋放訂單: FS202511241335759F
✓ 釋放訂單: FS20251124990487FA
✓ 釋放訂單: FS20251124622AF377
✓ 釋放訂單: FS20251124461C6583
✓ 釋放訂單: FS20251124323A35EF
✓ 釋放訂單: FS202511243E6CC3E8
✓ 釋放訂單: FS202511246BF95785
✓ 釋放訂單: FS202511240772C649
✓ 釋放訂單: FS2025112443EF183B
✓ 釋放訂單: FS20251124083543AC
✓ 釋放訂單: FS20251124DA477944
✓ 釋放訂單: FS20251124310CDCD4
✓ 釋放訂單: FS20251124DC647793
✓ 釋放訂單: FS202511245DF0E333
✓ 釋放訂單: FS20251124B69F79B6
✓ 釋放訂單: FS202511247502E5F0
✓ 釋放訂單: FS20251124FDADEC7F
✓ 釋放訂單: FS202511248D8CBD20
✓ 釋放訂單: FS20251124086FE08D
✓ 釋放訂單: FS2025112404EFF210
✓ 釋放訂單: FS2025112497F880DC
✓ 釋放訂單: FS20251124EA1EC0B3
✓ 釋放訂單: FS202511241C762EEE
✓ 釋放訂單: FS20251124CAA935DC
✓ 釋放訂單: FS202511242CAB5826
✓ 釋放訂單: FS20251124BBA3F643
✓ 釋放訂單: FS202511241215D1F6
✓ 釋放訂單: FS202511249CDF3CCC
✓ 釋放訂單: FS2025112420757201
✓ 釋放訂單: FS202511243D3C433D
✓ 釋放訂單: FS2025112499BFAA45
✓ 釋放訂單: FS20251124066E5B30
✓ 釋放訂單: FS20251124FC343F08
✓ 釋放訂單: FS20251124778BBA34
✓ 釋放訂單: FS2025112410208D5D
✓ 釋放訂單: FS202511241A280CA4
✓ 釋放訂單: FS20251124F6155EDA
✓ 釋放訂單: FS20251124C4F71ABE
✓ 釋放訂單: FS2025112464B714E0
✓ 釋放訂單: FS20251124D44716B4
✓ 釋放訂單: FS20251124978B303F
✓ 釋放訂單: FS20251124398EC544
✓ 釋放訂單: FS20251124A6BE1D08
✓ 釋放訂單: FS202511242D85E963
✓ 釋放訂單: FS202511246C23F390
✓ 釋放訂單: FS2025112434E8B21A
✓ 釋放訂單: FS20251124E72E9543
✓ 釋放訂單: FS20251124694BDFAD
✓ 釋放訂單: FS20251124C9A39D09
✓ 釋放訂單: FS20251124CBC0DF22
✓ 釋放訂單: FS20251124C1467AE6
✓ 釋放訂單: FS2025112469403EB8
✓ 釋放訂單: FS20251124B36DB0F1
✓ 釋放訂單: FS2025112410999305
✓ 釋放訂單: FS202511249AE78261
✓ 釋放訂單: FS20251124FBFD64E2
✓ 釋放訂單: FS2025112477F56BBE
✓ 釋放訂單: FS202511240D0271BE
✓ 釋放訂單: FS2025112420E8D88D
✓ 釋放訂單: FS202511240654649D
✓ 釋放訂單: FS20251124EFF74688
✓ 釋放訂單: FS20251124A6CE624A
✓ 釋放訂單: FS202511249EE3C234
✓ 釋放訂單: FS20251124E324FF02
✓ 釋放訂單: FS2025112459B304DA
✓ 釋放訂單: FS202511242991EFD2
✓ 釋放訂單: FS202511240550265C
✓ 釋放訂單: FS202511247D663503
✓ 釋放訂單: FS20251124977186D1
✓ 釋放訂單: FS202511241E6842C4
✓ 釋放訂單: FS2025112406D52483
✓ 釋放訂單: FS20251124A4BF754E
✓ 釋放訂單: FS2025112496790FA4
✓ 釋放訂單: FS2025112468E66A71
✓ 釋放訂單: FS20251124B4568834
✓ 釋放訂單: FS2025112419831A90
✓ 釋放訂單: FS2025112454511714
✓ 釋放訂單: FS20251124512B13E5
✓ 釋放訂單: FS202511243FAC0EF6
✓ 釋放訂單: FS20251124C536F7EA
✓ 釋放訂單: FS202511247D374820
✓ 釋放訂單: FS2025112495E911C7
✓ 釋放訂單: FS20251124131F21CD
✓ 釋放訂單: FS202511240ABC244C
✓ 釋放訂單: FS202511247E15E61E
✓ 釋放訂單: FS20251124E8A7EF33
✓ 釋放訂單: FS20251124DFF02B39
✓ 釋放訂單: FS202511247C9D73B8
✓ 釋放訂單: FS20251124E4371D18
✓ 釋放訂單: FS20251124B893B4A5
✓ 釋放訂單: FS202511242B56F922
✓ 釋放訂單: FS20251124FFA1A1FC
✓ 釋放訂單: FS20251124C788430C
✓ 釋放訂單: FS20251124177CF581
✓ 釋放訂單: FS20251124A42CEBDB
✓ 釋放訂單: FS2025112413E38A75
✓ 釋放訂單: FS2025112492D94738
✓ 釋放訂單: FS20251124CDB65CA6
✓ 釋放訂單: FS202511248E8DA937
✓ 釋放訂單: FS202511248592E5E5
✓ 釋放訂單: FS202511243B85D460
✓ 釋放訂單: FS20251124CB80A6B3
✓ 釋放訂單: FS2025112451BADAF9
✓ 釋放訂單: FS20251124E2B1D273
✓ 釋放訂單: FS20251124850E6895
✓ 釋放訂單: FS202511246CA683B1
✓ 釋放訂單: FS2025112456288510
✓ 釋放訂單: FS202511242A5F781C
✓ 釋放訂單: FS20251124501D23B8
✓ 釋放訂單: FS20251124BDEF74A9
✓ 釋放訂單: FS20251124F99B349B
✓ 釋放訂單: FS2025112481716709
✓ 釋放訂單: FS2025112483AD0C54
✓ 釋放訂單: FS20251124D7432D74
✓ 釋放訂單: FS20251124AF64F119
✓ 釋放訂單: FS20251124A0206827
✓ 釋放訂單: FS20251124642FD553
✓ 釋放訂單: FS202511244B5F0CDE
✓ 釋放訂單: FS202511246B7DF66E
✓ 釋放訂單: FS20251124A74FE429
✓ 釋放訂單: FS202511247B948BFC
✓ 釋放訂單: FS202511245102FB9E
✓ 釋放訂單: FS202511248071664B
✓ 釋放訂單: FS20251124E02FE20F
✓ 釋放訂單: FS202511246589D145
✓ 釋放訂單: FS20251124F926C417
✓ 釋放訂單: FS202511248C391B4A
✓ 釋放訂單: FS202511241EC2CB3D
✓ 釋放訂單: FS20251124C121EB80
✓ 釋放訂單: FS20251124283D353B
✓ 釋放訂單: FS2025112463531444
✓ 釋放訂單: FS202511249DB36CF3
✓ 釋放訂單: FS202511243E130902
✓ 釋放訂單: FS20251124498B5CAA
✓ 釋放訂單: FS20251124F3E39C82
✓ 釋放訂單: FS202511244EB2604F
✓ 釋放訂單: FS2025112478945305
✓ 釋放訂單: FS2025112459A0792B
✓ 釋放訂單: FS20251124F244F101
✓ 釋放訂單: FS2025112417F8DD41
✓ 釋放訂單: FS20251124B04C9203
✓ 釋放訂單: FS20251124D241EEC6
✓ 釋放訂單: FS2025112479ABDF54
✓ 釋放訂單: FS20251124AC54A624
✓ 釋放訂單: FS202511247757421C
✓ 釋放訂單: FS2025112456C17B4E
✓ 釋放訂單: FS2025112473667FD0
✓ 釋放訂單: FS20251124E9EEB00B
✓ 釋放訂單: FS202511241CBA5193
✓ 釋放訂單: FS2025112432F1E1F4
✓ 釋放訂單: FS202511244CE4715A
✓ 釋放訂單: FS202511247903335F
✓ 釋放訂單: FS20251124E19BA1A4
✓ 釋放訂單: FS20251124B472B9CC
✓ 釋放訂單: FS202511241EB58B10
✓ 釋放訂單: FS202511240B1F3A59
✓ 釋放訂單: FS20251124DC233F32
✓ 釋放訂單: FS202511249A6701EA
✓ 釋放訂單: FS20251124E9DEC8B4
✓ 釋放訂單: FS20251124ABF982E8
✓ 釋放訂單: FS2025112437D20F17
✓ 釋放訂單: FS20251124BC5A87D6
✓ 釋放訂單: FS20251124AABE3C00
✓ 釋放訂單: FS20251124E2829E23
✓ 釋放訂單: FS202511248F738972
✓ 釋放訂單: FS20251124D8D2E9D8
✓ 釋放訂單: FS202511241A3C4CEF
✓ 釋放訂單: FS20251124DFA4D7B1
✓ 釋放訂單: FS20251124786F44E9
✓ 釋放訂單: FS2025112443D5CBE3
✓ 釋放訂單: FS20251124FC99F92C
✓ 釋放訂單: FS2025112488D04EF2
✓ 釋放訂單: FS20251124E6670E9B
✓ 釋放訂單: FS2025112483C08C4F
✓ 釋放訂單: FS2025112410B88CD0
✓ 釋放訂單: FS20251124E39F7E90
✓ 釋放訂單: FS202511242029F59F
✓ 釋放訂單: FS2025112426AE8DFB
✓ 釋放訂單: FS202511244D154786
✓ 釋放訂單: FS20251124B5742FEF
✓ 釋放訂單: FS20251124351D8A10
✓ 釋放訂單: FS2025112440286C92
✓ 釋放訂單: FS20251124E8963C29
✓ 釋放訂單: FS2025112472143BC8
✓ 釋放訂單: FS2025112422949C1D
✓ 釋放訂單: FS20251124B26E9494
✓ 釋放訂單: FS202511246F10F833
✓ 釋放訂單: FS202511242002F587
✓ 釋放訂單: FS20251124C6DE86D1
✓ 釋放訂單: FS20251124C0949D0A
✓ 釋放訂單: FS202511243045C25C
✓ 釋放訂單: FS20251124AFBCE619
✓ 釋放訂單: FS202511244E276D81
✓ 釋放訂單: FS2025112477887882
✓ 釋放訂單: FS20251124409CA369
✓ 釋放訂單: FS20251124E80FCD0B
✓ 釋放訂單: FS202511240E56441B
✓ 釋放訂單: FS202511241CEAEC84
✓ 釋放訂單: FS202511247D7BE093
✓ 釋放訂單: FS20251124386314AB
✓ 釋放訂單: FS202511242C1CAA3A
✓ 釋放訂單: FS202511242458A750
✓ 釋放訂單: FS20251124A928BF3C
✓ 釋放訂單: FS20251124226E3496
✓ 釋放訂單: FS202511244F32AE70
✓ 釋放訂單: FS202511245900ED33
✓ 釋放訂單: FS20251124F2BFA6BD
✓ 釋放訂單: FS2025112420750339
✓ 釋放訂單: FS2025112400C2376B
✓ 釋放訂單: FS20251124CDA796AA
✓ 釋放訂單: FS20251124A2B52B1C
✓ 釋放訂單: FS20251124D0369283
✓ 釋放訂單: FS20251124407F2265
✓ 釋放訂單: FS20251124EF922E9D
✓ 釋放訂單: FS2025112414B2EBD1
✓ 釋放訂單: FS2025112420A44F64
✓ 釋放訂單: FS2025112416AC3FD9
✓ 釋放訂單: FS20251124D7D7AD9B
✓ 釋放訂單: FS20251124D0B42264
✓ 釋放訂單: FS20251124AF9096B9
✓ 釋放訂單: FS20251124F53F1D2F
✓ 釋放訂單: FS2025112482AD0858
✓ 釋放訂單: FS20251124FA4E3D49
✓ 釋放訂單: FS202511249A0EAD66
✓ 釋放訂單: FS20251124512DF925
✓ 釋放訂單: FS20251124823C16D8
✓ 釋放訂單: FS20251124EF845BC0
✓ 釋放訂單: FS20251124981B0C28
✓ 釋放訂單: FS2025112493F65DBE
✓ 釋放訂單: FS20251124A73FA02B
✓ 釋放訂單: FS20251124B572EE25
✓ 釋放訂單: FS202511246E38C27D
✓ 釋放訂單: FS202511245FD18853
✓ 釋放訂單: FS2025112484BF292A
✓ 釋放訂單: FS202511241CB36293
✓ 釋放訂單: FS20251124CD0E04E8
✓ 釋放訂單: FS2025112443A09045
✓ 釋放訂單: FS20251124DEB787FA
✓ 釋放訂單: FS20251124FEC9F664
✓ 釋放訂單: FS202511241340579A
✓ 釋放訂單: FS20251124C6ADDCF1
✓ 釋放訂單: FS20251124D84BC174
✓ 釋放訂單: FS2025112461800C7D
✓ 釋放訂單: FS20251124DCCE5ADF
✓ 釋放訂單: FS202511241E41F14B
✓ 釋放訂單: FS2025112471920328
✓ 釋放訂單: FS20251124C4B93E25
✓ 釋放訂單: FS20251124F3B9207F
✓ 釋放訂單: FS202511241D0D06EA
✓ 釋放訂單: FS202511248BD37E63
✓ 釋放訂單: FS2025112484129546
✓ 釋放訂單: FS202511247F15C744
✓ 釋放訂單: FS202511245AC23CFC
✓ 釋放訂單: FS20251124625AD108
✓ 釋放訂單: FS2025112455DE384B
✓ 釋放訂單: FS202511241AD2010B
✓ 釋放訂單: FS2025112446F20A0C
✓ 釋放訂單: FS20251124EC57DC36
✓ 釋放訂單: FS202511245ADF3C05
✓ 釋放訂單: FS20251124D701AE1B
✓ 釋放訂單: FS20251124F15BF3FE
✓ 釋放訂單: FS202511244DA8A2A0
✓ 釋放訂單: FS202511242D81D9BF
✓ 釋放訂單: FS20251124DB7D2816
✓ 釋放訂單: FS202511245EBEB7E5
✓ 釋放訂單: FS20251124CB0CA3F5
✓ 釋放訂單: FS202511242E896559
✓ 釋放訂單: FS202511247A1FD404
✓ 釋放訂單: FS20251124A727218F
✓ 釋放訂單: FS20251124EE924B40
✓ 釋放訂單: FS202511247C216C5D
✓ 釋放訂單: FS2025112426B9366E
✓ 釋放訂單: FS2025112465EBEB2A
✓ 釋放訂單: FS20251124AADE5012
✓ 釋放訂單: FS20251124D4CB8A2C
✓ 釋放訂單: FS20251124D4B0584F
✓ 釋放訂單: FS20251124846A9689
✓ 釋放訂單: FS20251124F996A8D2
✓ 釋放訂單: FS2025112460F5628A
✓ 釋放訂單: FS202511240D786282
✓ 釋放訂單: FS2025112405632780
✓ 釋放訂單: FS202511245CE0E8E0
✓ 釋放訂單: FS2025112447F62EC8
✓ 釋放訂單: FS202511247325D88A
✓ 釋放訂單: FS202511242650B913
✓ 釋放訂單: FS202511244D889F57
✓ 釋放訂單: FS202511241642963D
✓ 釋放訂單: FS20251124904E7FA0
✓ 釋放訂單: FS2025112429A36D2D
✓ 釋放訂單: FS202511244B4EB21F
✓ 釋放訂單: FS20251124C6DC20E1
✓ 釋放訂單: FS2025112418AD8B69
✓ 釋放訂單: FS20251124512900ED
✓ 釋放訂單: FS202511246926C7E6
✓ 釋放訂單: FS20251124B8DBB075
✓ 釋放訂單: FS20251124070E8CD1
✓ 釋放訂單: FS202511242F9EFE43
✓ 釋放訂單: FS20251124242D2DF7
✓ 釋放訂單: FS202511243001A6A2
✓ 釋放訂單: FS20251124CF7BDD0C
✓ 釋放訂單: FS2025112466D7F245
✓ 釋放訂單: FS20251124E2F0BD75
✓ 釋放訂單: FS20251124E4A2476B
✓ 釋放訂單: FS20251124652F1B45
✓ 釋放訂單: FS2025112466DF9188
✓ 釋放訂單: FS2025112455E44A3A
✓ 釋放訂單: FS20251124B190756C
✓ 釋放訂單: FS20251124E6025787
✓ 釋放訂單: FS202511247ABE2934
✓ 釋放訂單: FS202511244CF3957F
✓ 釋放訂單: FS20251124C2B014E1
✓ 釋放訂單: FS202511247D2C1178
✓ 釋放訂單: FS20251124E7C4CEDA
✓ 釋放訂單: FS202511241002CC2E
✓ 釋放訂單: FS202511245006E0B6
✓ 釋放訂單: FS20251124E4F042D2
✓ 釋放訂單: FS2025112477CAE9DB
✓ 釋放訂單: FS202511240F304FE4
✓ 釋放訂單: FS20251124F79F1286
✓ 釋放訂單: FS20251124F2A42B91
✓ 釋放訂單: FS2025112488812133
✓ 釋放訂單: FS20251124477B9885
✓ 釋放訂單: FS20251124A2FA66DC
✓ 釋放訂單: FS202511247FA09A9C
✓ 釋放訂單: FS20251124B939CC14
✓ 釋放訂單: FS202511241AE0CAA2
✓ 釋放訂單: FS20251124DF35BA6B
✓ 釋放訂單: FS20251124BAC34601
✓ 釋放訂單: FS20251124C274158A
✓ 釋放訂單: FS20251124155069AD
✓ 釋放訂單: FS20251124FBF48173
✓ 釋放訂單: FS20251124921F1B1B
✓ 釋放訂單: FS20251124614A89B4
✓ 釋放訂單: FS2025112415BE4DDE
✓ 釋放訂單: FS20251124E183969A
✓ 釋放訂單: FS20251124EA89D7C0
✓ 釋放訂單: FS20251124888DFA77
✓ 釋放訂單: FS20251124581F8D3F
✓ 釋放訂單: FS202511243C33C934
✓ 釋放訂單: FS202511242D08B584
✓ 釋放訂單: FS20251124483EFA77
✓ 釋放訂單: FS20251124D4F3BB05
✓ 釋放訂單: FS202511245C5135D1
✓ 釋放訂單: FS20251124C01347F6
✓ 釋放訂單: FS202511246245ADF8
✓ 釋放訂單: FS20251124000DF912
✓ 釋放訂單: FS20251124D4B4A036
✓ 釋放訂單: FS20251124808DF4C3
✓ 釋放訂單: FS202511241ABCAD74
✓ 釋放訂單: FS20251124AE307F5F
✓ 釋放訂單: FS20251124D2F8D434
✓ 釋放訂單: FS20251124D8BC2FF2
✓ 釋放訂單: FS2025112402484B9C
✓ 釋放訂單: FS202511240118A0B1
✓ 釋放訂單: FS20251124AF4A94A0
✓ 釋放訂單: FS20251124259A3AF1
✓ 釋放訂單: FS20251124C0831ED9
✓ 釋放訂單: FS2025112493B6D9D5
✓ 釋放訂單: FS202511240D191083
✓ 釋放訂單: FS20251124E9819E27
✓ 釋放訂單: FS20251124636563F9
✓ 釋放訂單: FS202511241441C6F0
✓ 釋放訂單: FS202511243A5CEC9C
✓ 釋放訂單: FS202511240D045C88
✓ 釋放訂單: FS2025112452E40609
✓ 釋放訂單: FS20251124D700B90C
✓ 釋放訂單: FS20251124137EE6B8
✓ 釋放訂單: FS20251124AB777EB7
✓ 釋放訂單: FS20251124D492E3E9
✓ 釋放訂單: FS202511248E7A8FB4
✓ 釋放訂單: FS202511244E16F8DC
✓ 釋放訂單: FS202511249D919686
✓ 釋放訂單: FS20251124D37F4480
✓ 釋放訂單: FS20251124B38FACC6
✓ 釋放訂單: FS20251124AE640CB1
✓ 釋放訂單: FS202511249DEB6A3A
✓ 釋放訂單: FS20251124D0C70348
✓ 釋放訂單: FS202511241BFAEE1C
✓ 釋放訂單: FS20251124613C8661
✓ 釋放訂單: FS202511249185DF2E
✓ 釋放訂單: FS20251124205AAC10
✓ 釋放訂單: FS20251124B5FDF27F
✓ 釋放訂單: FS202511245BC4687A
✓ 釋放訂單: FS20251124AA033DE3
✓ 釋放訂單: FS20251124267B4BF9
✓ 釋放訂單: FS20251124A2F32E30
✓ 釋放訂單: FS20251124FE3A2FD4
✓ 釋放訂單: FS20251124F22DEF59
✓ 釋放訂單: FS202511246E490BAC
✓ 釋放訂單: FS20251124314561B3
✓ 釋放訂單: FS20251124985A73F2
✓ 釋放訂單: FS202511240F13C74C
✓ 釋放訂單: FS2025112407899321
✓ 釋放訂單: FS202511240D85AFE3
✓ 釋放訂單: FS20251124B61A39F6
✓ 釋放訂單: FS20251124A382625E
✓ 釋放訂單: FS202511246B1AF56A
✓ 釋放訂單: FS20251124B041637B
✓ 釋放訂單: FS202511242848AA91
✓ 釋放訂單: FS202511246B379512
✓ 釋放訂單: FS2025112439C49763
✓ 釋放訂單: FS20251124BC9A960F
✓ 釋放訂單: FS202511245DF56625
✓ 釋放訂單: FS202511243C11E8F4
✓ 釋放訂單: FS202511249655AC65
✓ 釋放訂單: FS202511247D96817B
✓ 釋放訂單: FS2025112406A7254A
✓ 釋放訂單: FS202511245390EB9B
✓ 釋放訂單: FS2025112452CCA73E
✓ 釋放訂單: FS2025112442229C37
✓ 釋放訂單: FS20251124A71694A8
✓ 釋放訂單: FS202511244BCA9FC5
✓ 釋放訂單: FS20251124F65E449A
✓ 釋放訂單: FS2025112454681D72
✓ 釋放訂單: FS2025112438796746
✓ 釋放訂單: FS2025112414F66964
✓ 釋放訂單: FS20251124310CD250
✓ 釋放訂單: FS202511247BACB5FC
✓ 釋放訂單: FS20251124AB23A7CD
✓ 釋放訂單: FS202511242568BF2F
✓ 釋放訂單: FS202511241A753CA9
✓ 釋放訂單: FS202511244D84D75D
✓ 釋放訂單: FS2025112499F69F10
✓ 釋放訂單: FS20251124B126FE3B
✓ 釋放訂單: FS202511249166CFE6
✓ 釋放訂單: FS20251124D8F09D9E
✓ 釋放訂單: FS2025112461B69BC3
✓ 釋放訂單: FS20251124A673305A
✓ 釋放訂單: FS2025112410715483
✓ 釋放訂單: FS202511245FDC5422
✓ 釋放訂單: FS202511248AD041FE
✓ 釋放訂單: FS202511249D8F9D50
✓ 釋放訂單: FS20251124304DDCC2
✓ 釋放訂單: FS20251124ECE21DC2
✓ 釋放訂單: FS20251124ED48C719
✓ 釋放訂單: FS2025112470D9DCCE
✓ 釋放訂單: FS202511248AAFBE99
✓ 釋放訂單: FS202511249D05B9C9
✓ 釋放訂單: FS2025112488DE14CA
✓ 釋放訂單: FS20251124E0623628
✓ 釋放訂單: FS2025112404462464
✓ 釋放訂單: FS20251124AFFD50CA
✓ 釋放訂單: FS20251124D9C4A9B7
✓ 釋放訂單: FS20251124735183C9
✓ 釋放訂單: FS2025112400E0541D
✓ 釋放訂單: FS20251124BD62A4CF
✓ 釋放訂單: FS202511248791D648
✓ 釋放訂單: FS202511246D361849
✓ 釋放訂單: FS20251124DD4DF917
✓ 釋放訂單: FS20251124355EDCDE
✓ 釋放訂單: FS20251124C71EB591
✓ 釋放訂單: FS202511247B7D57BC
✓ 釋放訂單: FS20251124FF8F8527
✓ 釋放訂單: FS202511247086323D
✓ 釋放訂單: FS20251124967822D8
✓ 釋放訂單: FS20251124488650C0
✓ 釋放訂單: FS2025112440BDA34D
✓ 釋放訂單: FS202511245055F95B
✓ 釋放訂單: FS20251124DB7CFAD3
✓ 釋放訂單: FS202511240237A549
✓ 釋放訂單: FS2025112498E348E6
✓ 釋放訂單: FS20251124FC895759
✓ 釋放訂單: FS20251124AE69CF97
✓ 釋放訂單: FS20251124DAE3E7D8
✓ 釋放訂單: FS20251124BA54D4BC
✓ 釋放訂單: FS20251124D10D8F79
✓ 釋放訂單: FS20251124D79F65AE
✓ 釋放訂單: FS202511241BB1B8B8
✓ 釋放訂單: FS20251124E4233545
✓ 釋放訂單: FS20251124595C4A23
✓ 釋放訂單: FS20251124D6D19612
✓ 釋放訂單: FS20251124246C26D6
✓ 釋放訂單: FS20251124E184CF4E
✓ 釋放訂單: FS202511246F81E4BA
✓ 釋放訂單: FS202511242472BA88
✓ 釋放訂單: FS20251124E30C21B7
✓ 釋放訂單: FS20251124C8C6D477
✓ 釋放訂單: FS20251124C07565A2
✓ 釋放訂單: FS20251124D6E8F837
✓ 釋放訂單: FS20251124724D8613
✓ 釋放訂單: FS202511242EC0FF75
✓ 釋放訂單: FS202511240B55ED32
✓ 釋放訂單: FS20251124728EC6EF
✓ 釋放訂單: FS202511249DCC4B67
✓ 釋放訂單: FS202511240DEE5E71
✓ 釋放訂單: FS20251124B14BFFF3
✓ 釋放訂單: FS202511244F7ACCFE
✓ 釋放訂單: FS20251124597C848E
✓ 釋放訂單: FS202511243F897349
✓ 釋放訂單: FS2025112437FB1342
✓ 釋放訂單: FS202511247669781F
✓ 釋放訂單: FS20251124B061CF8B
✓ 釋放訂單: FS20251124F74C36EA
✓ 釋放訂單: FS202511242E8C5362
✓ 釋放訂單: FS20251124FE4C5EDF
✓ 釋放訂單: FS2025112437C1C664
✓ 釋放訂單: FS2025112432C462ED
✓ 釋放訂單: FS20251124987388BF
✓ 釋放訂單: FS2025112471F4E47F
✓ 釋放訂單: FS20251124EA747ABC
✓ 釋放訂單: FS202511246207F4FD
✓ 釋放訂單: FS20251124456FA65E
✓ 釋放訂單: FS202511245509998E
✓ 釋放訂單: FS2025112467485171
✓ 釋放訂單: FS2025112479BA49E1
✓ 釋放訂單: FS2025112452BE1EEA
✓ 釋放訂單: FS202511244AA6DBF5
✓ 釋放訂單: FS20251124F11FC6F3
✓ 釋放訂單: FS2025112445FAB11D
✓ 釋放訂單: FS2025112495A25447
✓ 釋放訂單: FS20251124C83C2F1F
✓ 釋放訂單: FS20251124438DB575
✓ 釋放訂單: FS2025112498446CD6
✓ 釋放訂單: FS2025112498A8941A
✓ 釋放訂單: FS2025112484D5F708
✓ 釋放訂單: FS20251124D2E8730B
✓ 釋放訂單: FS20251124F4C7C1E9
✓ 釋放訂單: FS20251124C57A716C
✓ 釋放訂單: FS2025112448F2CBB9
✓ 釋放訂單: FS202511247B9DCD6F
✓ 釋放訂單: FS202511245EC2971E
✓ 釋放訂單: FS202511242EF33A21
✓ 釋放訂單: FS20251124A6079EC4
✓ 釋放訂單: FS202511246A0C0686
✓ 釋放訂單: FS20251124B2182878
✓ 釋放訂單: FS20251124524CF629
✓ 釋放訂單: FS202511246ED9A634
✓ 釋放訂單: FS20251124958070EE
✓ 釋放訂單: FS20251124BFD84D56
✓ 釋放訂單: FS202511249D264991
✓ 釋放訂單: FS2025112498AEB5E6
✓ 釋放訂單: FS202511246CE05BD7
✓ 釋放訂單: FS2025112407311921
✓ 釋放訂單: FS20251124C5F3F0E6
✓ 釋放訂單: FS2025112492323C34
✓ 釋放訂單: FS2025112415385DBF
✓ 釋放訂單: FS20251124D4A0F544
✓ 釋放訂單: FS20251124CE361164
✓ 釋放訂單: FS20251124B8676CCD
✓ 釋放訂單: FS202511244ED962DC
✓ 釋放訂單: FS202511242D67A9E8
✓ 釋放訂單: FS2025112451E1ED3D
✓ 釋放訂單: FS20251124ECA1013D
✓ 釋放訂單: FS20251124BD7F6A31
✓ 釋放訂單: FS202511248D5E1425
✓ 釋放訂單: FS2025112467B17206
✓ 釋放訂單: FS20251124F4C70B41
✓ 釋放訂單: FS2025112490D33AF4
✓ 釋放訂單: FS20251124626A6673
✓ 釋放訂單: FS2025112491A4FBF5
✓ 釋放訂單: FS202511242BFD0327
✓ 釋放訂單: FS20251124769183EE
✓ 釋放訂單: FS20251124E1A945AC
✓ 釋放訂單: FS20251124E4C5B700
✓ 釋放訂單: FS202511247AADA62B
✓ 釋放訂單: FS2025112432B1393E
✓ 釋放訂單: FS20251124E016CE00
✓ 釋放訂單: FS20251124C0D4FFB3
✓ 釋放訂單: FS202511246ABA0FAB
✓ 釋放訂單: FS20251124B8B127CB
✓ 釋放訂單: FS202511241BD14C29
✓ 釋放訂單: FS202511240DDDFFAD
✓ 釋放訂單: FS202511244D182EBD
✓ 釋放訂單: FS20251124EABB6664
✓ 釋放訂單: FS20251124A12DF396
✓ 釋放訂單: FS202511246D1C4EE1
✓ 釋放訂單: FS202511244BE4E665
✓ 釋放訂單: FS20251124CAAF1B30
✓ 釋放訂單: FS20251124FC79CB1D
✓ 釋放訂單: FS20251124AA4DD1F2
✓ 釋放訂單: FS20251124D040D09D
✓ 釋放訂單: FS202511244F491AAD
✓ 釋放訂單: FS202511248852D536
✓ 釋放訂單: FS20251124C1CA088B
✓ 釋放訂單: FS202511241B5EF4B5
✓ 釋放訂單: FS202511246EA6F5C9
✓ 釋放訂單: FS202511249477D764
✓ 釋放訂單: FS2025112433D1E75A
✓ 釋放訂單: FS202511242C63E095
✓ 釋放訂單: FS20251124A6B49A3A
✓ 釋放訂單: FS20251124AC0B3ECE
✓ 釋放訂單: FS202511242F97E39E
✓ 釋放訂單: FS202511248B716EF5
✓ 釋放訂單: FS2025112444A0A3C3
✓ 釋放訂單: FS202511241D0514D5
✓ 釋放訂單: FS20251124544FD7E1
✓ 釋放訂單: FS20251124773690D5
✓ 釋放訂單: FS20251124739151D7
✓ 釋放訂單: FS202511247178879A
✓ 釋放訂單: FS202511244E9A73E5
✓ 釋放訂單: FS20251124D533A020
✓ 釋放訂單: FS2025112495FD3529
✓ 釋放訂單: FS2025112447187FC1
✓ 釋放訂單: FS202511245D187297
✓ 釋放訂單: FS2025112410D9BF2D
✓ 釋放訂單: FS202511241866334A
✓ 釋放訂單: FS2025112412C4BA76
✓ 釋放訂單: FS202511246EA3A0D8
✓ 釋放訂單: FS2025112401746D6F
✓ 釋放訂單: FS202511249046FC22
✓ 釋放訂單: FS20251124725ADD57
✓ 釋放訂單: FS20251124AEBAE7D7
✓ 釋放訂單: FS20251124F6DF53EF
✓ 釋放訂單: FS20251124C794CA37
✓ 釋放訂單: FS202511240FF7C32D
✓ 釋放訂單: FS20251124F795DEA8
✓ 釋放訂單: FS20251124D7C72E81
✓ 釋放訂單: FS2025112427FF3BC1
✓ 釋放訂單: FS20251124253CB679
✓ 釋放訂單: FS20251124794510B3
✓ 釋放訂單: FS20251124C2EB1FE4
✓ 釋放訂單: FS2025112466E829E9
✓ 釋放訂單: FS2025112499D937FC
✓ 釋放訂單: FS20251124021ADDDD
✓ 釋放訂單: FS20251124C626387A
✓ 釋放訂單: FS20251124709358AC
✓ 釋放訂單: FS2025112491B27E6E
✓ 釋放訂單: FS2025112454DC480C
✓ 釋放訂單: FS202511244B8AF036
✓ 釋放訂單: FS2025112445AB5250
✓ 釋放訂單: FS20251124C21A8692
✓ 釋放訂單: FS20251124F9D6FABB
✓ 釋放訂單: FS202511240D3B65B2
✓ 釋放訂單: FS20251124C6203CB3
✓ 釋放訂單: FS202511243B0F29C3
✓ 釋放訂單: FS20251124E313C79E
✓ 釋放訂單: FS20251124295BC6AC
✓ 釋放訂單: FS20251124E7CE4B3C
✓ 釋放訂單: FS20251124B2B8FD74
✓ 釋放訂單: FS20251124C3361935
✓ 釋放訂單: FS20251124E847423A
✓ 釋放訂單: FS202511249525F489
✓ 釋放訂單: FS20251124750D9635
✓ 釋放訂單: FS2025112460F730E0
✓ 釋放訂單: FS20251124E9511AC0
✓ 釋放訂單: FS2025112442372977
✓ 釋放訂單: FS20251124C2FEE71B
✓ 釋放訂單: FS20251124A4BBB718
✓ 釋放訂單: FS2025112414B008E1
✓ 釋放訂單: FS2025112465F3E23B
✓ 釋放訂單: FS20251124E7BA24BC
✓ 釋放訂單: FS20251124695D72BC
✓ 釋放訂單: FS202511244B542CED
✓ 釋放訂單: FS20251124105A6971
✓ 釋放訂單: FS202511244C210CB2
✓ 釋放訂單: FS20251124C94CC38F
✓ 釋放訂單: FS20251124C6D10E4B
✓ 釋放訂單: FS202511246C3F76E7
✓ 釋放訂單: FS20251124E68711B2
✓ 釋放訂單: FS202511244D1595ED
✓ 釋放訂單: FS202511241DB4201F
✓ 釋放訂單: FS2025112452C8DD3C
✓ 釋放訂單: FS2025112421874CA3
✓ 釋放訂單: FS2025112408B4CA7F
✓ 釋放訂單: FS2025112459E220BA
✓ 釋放訂單: FS20251124A8FFDE0A
✓ 釋放訂單: FS20251124F10ABF49
✓ 釋放訂單: FS20251124BFF77273
✓ 釋放訂單: FS202511248959ACE6
✓ 釋放訂單: FS202511241C15647A
✓ 釋放訂單: FS202511249C16702F
✓ 釋放訂單: FS20251124D044B824
✓ 釋放訂單: FS20251124E48C0715
✓ 釋放訂單: FS202511245C2F137E
✓ 釋放訂單: FS2025112424DAE337
✓ 釋放訂單: FS20251124715B2CC9
✓ 釋放訂單: FS202511249E0141F3
✓ 釋放訂單: FS2025112459F5488F
✓ 釋放訂單: FS202511242FC84B2A
✓ 釋放訂單: FS20251124D59A67F7
✓ 釋放訂單: FS20251124903E5B3D
✓ 釋放訂單: FS20251124E28B8118
✓ 釋放訂單: FS2025112450528AE2
✓ 釋放訂單: FS202511243340C13C
✓ 釋放訂單: FS202511249FB8266A
✓ 釋放訂單: FS20251124DF2AC80E
✓ 釋放訂單: FS20251124D5951986
✓ 釋放訂單: FS20251124A51AE6E8
✓ 釋放訂單: FS2025112459500205
✓ 釋放訂單: FS202511242896655B
✓ 釋放訂單: FS20251124D453731C
✓ 釋放訂單: FS20251124F2604A27
✓ 釋放訂單: FS202511240606E014
✓ 釋放訂單: FS2025112428631189
✓ 釋放訂單: FS20251124B339270F
✓ 釋放訂單: FS20251124E3DB3AAB
✓ 釋放訂單: FS202511240C003C18
✓ 釋放訂單: FS20251124EFCE6B59
✓ 釋放訂單: FS20251124D431CEC6
✓ 釋放訂單: FS20251124545BA692
✓ 釋放訂單: FS20251124E9EA2AE7
✓ 釋放訂單: FS20251124593D0FCF
✓ 釋放訂單: FS2025112421FAD0F0
✓ 釋放訂單: FS20251124FBBD78F3
✓ 釋放訂單: FS2025112412237424
✓ 釋放訂單: FS20251124D8E9D481
✓ 釋放訂單: FS20251124581CCF77
✓ 釋放訂單: FS20251124040523DD
✓ 釋放訂單: FS202511249C746350
✓ 釋放訂單: FS202511241D0CD729
✓ 釋放訂單: FS202511241257A919
✓ 釋放訂單: FS2025112439888AE5
✓ 釋放訂單: FS2025112476E457C5
✓ 釋放訂單: FS2025112468475BC3
✓ 釋放訂單: FS202511241FF58469
✓ 釋放訂單: FS2025112450E03441
✓ 釋放訂單: FS20251124D02F5573
✓ 釋放訂單: FS20251124A7400D7F
✓ 釋放訂單: FS20251124D0B5D3DC
✓ 釋放訂單: FS2025112491A83647
✓ 釋放訂單: FS20251124D39A14DD
✓ 釋放訂單: FS202511241DCE7922
✓ 釋放訂單: FS202511247F0FDEBC
✓ 釋放訂單: FS20251124159EF437
✓ 釋放訂單: FS20251124E36895E1
✓ 釋放訂單: FS20251124210CD4E2
✓ 釋放訂單: FS2025112444A64286
✓ 釋放訂單: FS20251124FAA712E8
✓ 釋放訂單: FS20251124BDFAF773
✓ 釋放訂單: FS2025112476365266
✓ 釋放訂單: FS20251124A05061CD
✓ 釋放訂單: FS202511242940E77F
✓ 釋放訂單: FS20251124C12C846E
✓ 釋放訂單: FS20251124B29FDD55
✓ 釋放訂單: FS20251124EBDCC780
✓ 釋放訂單: FS20251124005836B5
✓ 釋放訂單: FS20251124E0CD27F4
✓ 釋放訂單: FS20251124F72411DA
✓ 釋放訂單: FS20251124D5C7AE05
✓ 釋放訂單: FS20251124B1CE76BE
✓ 釋放訂單: FS2025112463D87422
✓ 釋放訂單: FS202511245DD788DB
✓ 釋放訂單: FS20251124F97734E1
✓ 釋放訂單: FS20251124CD4E0B3B
✓ 釋放訂單: FS20251124C2AF6262
✓ 釋放訂單: FS20251124571D8C21
✓ 釋放訂單: FS202511244F76DB14
✓ 釋放訂單: FS20251124F5F6D623
✓ 釋放訂單: FS202511242F424FF3
✓ 釋放訂單: FS2025112466D954A6
✓ 釋放訂單: FS20251124B9A5146F
✓ 釋放訂單: FS20251124D6A0994C
✓ 釋放訂單: FS20251124DF774401
✓ 釋放訂單: FS202511248D8FBB36
✓ 釋放訂單: FS20251124B6D71346
✓ 釋放訂單: FS20251124B76545D2
✓ 釋放訂單: FS20251124D947D9C0
✓ 釋放訂單: FS20251124B1CDCC0A
✓ 釋放訂單: FS20251124B471D774
✓ 釋放訂單: FS202511244F06DB70
✓ 釋放訂單: FS20251124E9CA92F4
✓ 釋放訂單: FS20251124470433EA
✓ 釋放訂單: FS20251124A44D0A74
✓ 釋放訂單: FS202511244B06A8BB
✓ 釋放訂單: FS20251124AF55B99C
✓ 釋放訂單: FS202511243E597246
✓ 釋放訂單: FS20251124EB65368A
✓ 釋放訂單: FS20251124B5C49BA5
✓ 釋放訂單: FS202511240643ACC7
✓ 釋放訂單: FS202511246C9B7A8A
✓ 釋放訂單: FS2025112480C4207E
✓ 釋放訂單: FS20251124BD2F7B83
✓ 釋放訂單: FS20251124ED3C7E84
✓ 釋放訂單: FS2025112443C2001F
✓ 釋放訂單: FS20251124662ED2C8
✓ 釋放訂單: FS20251124A4BBCAAE
✓ 釋放訂單: FS2025112454A095A3
✓ 釋放訂單: FS20251124042326D6
✓ 釋放訂單: FS202511240C1D9AD0
✓ 釋放訂單: FS202511243D7EB69D
✓ 釋放訂單: FS2025112446BEEC58
✓ 釋放訂單: FS20251124E96E63C0
✓ 釋放訂單: FS202511249E6B8141
✓ 釋放訂單: FS202511247089E906
✓ 釋放訂單: FS2025112419AE605A
✓ 釋放訂單: FS20251124DEC43F5F
✓ 釋放訂單: FS20251124293E768B
✓ 釋放訂單: FS202511242114172A
✓ 釋放訂單: FS202511242E483E6C
✓ 釋放訂單: FS20251124311A1ECB
✓ 釋放訂單: FS20251124EB966F12
✓ 釋放訂單: FS2025112453A8787B
✓ 釋放訂單: FS20251124496EDE6D
✓ 釋放訂單: FS20251124168FF9F7
✓ 釋放訂單: FS202511242E6F232C
✓ 釋放訂單: FS20251124FAF1E29E
✓ 釋放訂單: FS202511248A8B828F
✓ 釋放訂單: FS20251124D890B071
✓ 釋放訂單: FS20251124EC4601F5
✓ 釋放訂單: FS2025112458DA5D65
✓ 釋放訂單: FS202511242ACADD20
✓ 釋放訂單: FS2025112409A256ED
✓ 釋放訂單: FS2025112463731D98
✓ 釋放訂單: FS20251124AE554BE4
✓ 釋放訂單: FS20251124056AC295
✓ 釋放訂單: FS202511240A0C0E10
✓ 釋放訂單: FS20251124449BAEAA
✓ 釋放訂單: FS20251124A1D58527
✓ 釋放訂單: FS20251124168B6D34
✓ 釋放訂單: FS20251124CAFE22AA
✓ 釋放訂單: FS2025112439B5780B
✓ 釋放訂單: FS20251124C7513749
✓ 釋放訂單: FS2025112451F42DDC
✓ 釋放訂單: FS202511241FB40F0B
✓ 釋放訂單: FS2025112476848329
✓ 釋放訂單: FS202511249B544CC7
✓ 釋放訂單: FS20251124F2F1F409
✓ 釋放訂單: FS2025112494F8CF2A
✓ 釋放訂單: FS202511246F6019CC
✓ 釋放訂單: FS20251124E985BDE1
✓ 釋放訂單: FS20251124DDAFFFB0
✓ 釋放訂單: FS20251124660B6168
✓ 釋放訂單: FS2025112442FAFEF9
✓ 釋放訂單: FS202511245344C365
✓ 釋放訂單: FS202511246C839F77
✓ 釋放訂單: FS2025112475CA17CA
✓ 釋放訂單: FS20251124587D0C03
✓ 釋放訂單: FS20251124F423754D
✓ 釋放訂單: FS20251124B6D8D1B1
✓ 釋放訂單: FS202511240C93FA29
✓ 釋放訂單: FS20251124F2537044
✓ 釋放訂單: FS20251124073A6418
✓ 釋放訂單: FS20251124F211F803
✓ 釋放訂單: FS20251124E4299FB2
✓ 釋放訂單: FS20251124998C89B1
✓ 釋放訂單: FS20251124C1DCC9FE
✓ 釋放訂單: FS20251124C97FCACF
✓ 釋放訂單: FS2025112402566207
✓ 釋放訂單: FS202511248AC2C33E
✓ 釋放訂單: FS2025112472A7D06C
✓ 釋放訂單: FS2025112460D1C6ED
✓ 釋放訂單: FS20251124FF905320
✓ 釋放訂單: FS2025112452149B5D
✓ 釋放訂單: FS20251124C3435077
✓ 釋放訂單: FS20251124A642ED52
✓ 釋放訂單: FS202511246BBA86C7
✓ 釋放訂單: FS20251124D6A5D00F
✓ 釋放訂單: FS202511246F5A5B63
✓ 釋放訂單: FS2025112431AF42B5
✓ 釋放訂單: FS2025112476EC43C3
✓ 釋放訂單: FS2025112483B9D290
✓ 釋放訂單: FS202511248F08D59E
✓ 釋放訂單: FS20251124B36C8046
✓ 釋放訂單: FS202511247991F2DD
✓ 釋放訂單: FS202511242FA42A6F
✓ 釋放訂單: FS20251124CDACD7F5
✓ 釋放訂單: FS20251124731AE686
✓ 釋放訂單: FS2025112417B554F9
✓ 釋放訂單: FS2025112401051B22
✓ 釋放訂單: FS20251124D1AFC4CF
✓ 釋放訂單: FS2025112471F5B5B3
✓ 釋放訂單: FS20251124B5DE334B
✓ 釋放訂單: FS20251124AC3724AC
✓ 釋放訂單: FS20251124218A7102
✓ 釋放訂單: FS20251124E9B42E83
✓ 釋放訂單: FS202511243571AEB2
✓ 釋放訂單: FS20251124A34B7E2A
✓ 釋放訂單: FS202511247DA80053
✓ 釋放訂單: FS20251124EFC7D76D
✓ 釋放訂單: FS202511245FCD85CE
✓ 釋放訂單: FS2025112432C6C781
✓ 釋放訂單: FS202511245693D674
✓ 釋放訂單: FS202511248B5FD5B0

總共成功釋放 952 筆逾時訂單的庫存
沒有逾時未付款的訂單
沒有逾時未付款的訂單
沒有逾時未付款的訂單
沒有逾時未付款的訂單
沒有逾時未付款的訂單
沒有逾時未付款的訂單
沒有逾時未付款的訂單
沒有逾時未付款的訂單
沒有逾時未付款的訂單
沒有逾時未付款的訂單
沒有逾時未付款的訂單
沒有逾時未付款的訂單
沒有逾時未付款的訂單
沒有逾時未付款的訂單
沒有逾時未付款的訂單
沒有逾時未付款的訂單
沒有逾時未付款的訂單
沒有逾時未付款的訂單
沒有逾時未付款的訂單
沒有逾時未付款的訂單
沒有逾時未付款的訂單
沒有逾時未付款的訂單
沒有逾時未付款的訂單
沒有逾時未付款的訂單
沒有逾時未付款的訂單
沒有逾時未付款的訂單
沒有逾時未付款的訂單
沒有逾時未付款的訂單
沒有逾時未付款的訂單
沒有逾時未付款的訂單
沒有逾時未付款的訂單
沒有逾時未付款的訂單
沒有逾時未付款的訂單
沒有逾時未付款的訂單
沒有逾時未付款的訂單
沒有逾時未付款的訂單
沒有逾時未付款的訂單
沒有逾時未付款的訂單
沒有逾時未付款的訂單
沒有逾時未付款的訂單
沒有逾時未付款的訂單
沒有逾時未付款的訂單
沒有逾時未付款的訂單
沒有逾時未付款的訂單
沒有逾時未付款的訂單
沒有逾時未付款的訂單
沒有逾時未付款的訂單
沒有逾時未付款的訂單
沒有逾時未付款的訂單
沒有逾時未付款的訂單
沒有逾時未付款的訂單
沒有逾時未付款的訂單
沒有逾時未付款的訂單
沒有逾時未付款的訂單
沒有逾時未付款的訂單
沒有逾時未付款的訂單
沒有逾時未付款的訂單
沒有逾時未付款的訂單
沒有逾時未付款的訂單
沒有逾時未付款的訂單
沒有逾時未付款的訂單
沒有逾時未付款的訂單
沒有逾時未付款的訂單
沒有逾時未付款的訂單
沒有逾時未付款的訂單
沒有逾時未付款的訂單
沒有逾時未付款的訂單
沒有逾時未付款的訂單
沒有逾時未付款的訂單
沒有逾時未付款的訂單
沒有逾時未付款的訂單
沒有逾時未付款的訂單
沒有逾時未付款的訂單
沒有逾時未付款的訂單
沒有逾時未付款的訂單
沒有逾時未付款的訂單
沒有逾時未付款的訂單
沒有逾時未付款的訂單
沒有逾時未付款的訂單
沒有逾時未付款的訂單
沒有逾時未付款的訂單
沒有逾時未付款的訂單
沒有逾時未付款的訂單
✓ 釋放訂單: FS20251124855CAF12
✓ 釋放訂單: FS202511244034BC9F
✓ 釋放訂單: FS20251124A30FA6F8
✓ 釋放訂單: FS20251124EE263015
✓ 釋放訂單: FS2025112427E0DC9F
✓ 釋放訂單: FS20251124EEE01FB5
✓ 釋放訂單: FS20251124D7DBD528
✓ 釋放訂單: FS2025112458060F7B
✓ 釋放訂單: FS202511240D9540D3
✓ 釋放訂單: FS2025112492C9B98D
✓ 釋放訂單: FS202511241D1CE034
✓ 釋放訂單: FS20251124059D2F92
✓ 釋放訂單: FS202511241A7990ED
✓ 釋放訂單: FS2025112481A37FAA
✓ 釋放訂單: FS2025112428C2BD8F
✓ 釋放訂單: FS20251124B0FE2975
✓ 釋放訂單: FS20251124588F460B
✓ 釋放訂單: FS202511242C78FD40
✓ 釋放訂單: FS2025112453B5E29A
✓ 釋放訂單: FS20251124FDD5F0CB
✓ 釋放訂單: FS20251124D22D7F18
✓ 釋放訂單: FS20251124755DCADA
✓ 釋放訂單: FS202511241E6A76B6
✓ 釋放訂單: FS20251124A4DC53DF
✓ 釋放訂單: FS20251124ED0E0137
✓ 釋放訂單: FS20251124E1A5DDEC
✓ 釋放訂單: FS20251124EB70AA11
✓ 釋放訂單: FS202511243CF41C71
✓ 釋放訂單: FS20251124106D2265
✓ 釋放訂單: FS20251124B5440C1E
✓ 釋放訂單: FS20251124DC5134DB
✓ 釋放訂單: FS20251124F4A6AD95
✓ 釋放訂單: FS202511240761A632
✓ 釋放訂單: FS202511244180BB37
✓ 釋放訂單: FS2025112444007666
✓ 釋放訂單: FS20251124DD3A5580
✓ 釋放訂單: FS20251124A9602A84
✓ 釋放訂單: FS20251124B00E5BC0
✓ 釋放訂單: FS20251124F0E5CF52
✓ 釋放訂單: FS20251124C99D7687
✓ 釋放訂單: FS20251124D8EBA084
✓ 釋放訂單: FS20251124814C08D7
✓ 釋放訂單: FS20251124FD68E66F
✓ 釋放訂單: FS20251124A0AA7D5A
✓ 釋放訂單: FS202511243DADE737
✓ 釋放訂單: FS2025112474CE169B
✓ 釋放訂單: FS20251124C9CD748E
✓ 釋放訂單: FS2025112448A68DF7
✓ 釋放訂單: FS20251124D94B1B7E
✓ 釋放訂單: FS20251124B994C503
✓ 釋放訂單: FS202511245D5F6C66
✓ 釋放訂單: FS20251124BA21B890
✓ 釋放訂單: FS2025112406B64C10
✓ 釋放訂單: FS20251124D1F192B6
✓ 釋放訂單: FS2025112478BE752B
✓ 釋放訂單: FS202511241030E374
✓ 釋放訂單: FS202511241A36774E
✓ 釋放訂單: FS20251124305CE8E5
✓ 釋放訂單: FS20251124488D0471
✓ 釋放訂單: FS20251124C787B942
✓ 釋放訂單: FS20251124BAC12007
✓ 釋放訂單: FS2025112439421F32
✓ 釋放訂單: FS202511248C52D553
✓ 釋放訂單: FS2025112414010AE9
✓ 釋放訂單: FS20251124642FD1F7
✓ 釋放訂單: FS20251124E6D5108E
✓ 釋放訂單: FS202511240B52F51C
✓ 釋放訂單: FS2025112447150021
✓ 釋放訂單: FS2025112483B3BAD5
✓ 釋放訂單: FS202511249F32932D
✓ 釋放訂單: FS20251124C9A2E3B1
✓ 釋放訂單: FS2025112408E4F72F
✓ 釋放訂單: FS20251124513B8536
✓ 釋放訂單: FS2025112496ED81CB
✓ 釋放訂單: FS202511244794367B
✓ 釋放訂單: FS2025112454E1D4C0
✓ 釋放訂單: FS2025112408F31CCA
✓ 釋放訂單: FS202511242EFF37D9
✓ 釋放訂單: FS2025112492952D2C
✓ 釋放訂單: FS2025112454368726
✓ 釋放訂單: FS20251124378A3C52
✓ 釋放訂單: FS20251124171C7B69
✓ 釋放訂單: FS20251124C9D40C05
✓ 釋放訂單: FS202511248AA589B8
✓ 釋放訂單: FS20251124440C7A09
✓ 釋放訂單: FS202511242F3D9661
✓ 釋放訂單: FS2025112422E8FD38
✓ 釋放訂單: FS202511245555D9B8
✓ 釋放訂單: FS20251124F013BF5F
✓ 釋放訂單: FS20251124970E58AE
✓ 釋放訂單: FS202511241CE312C5
✓ 釋放訂單: FS202511246C5BBF0E
✓ 釋放訂單: FS202511243DA6C077
✓ 釋放訂單: FS20251124591D7C0F
✓ 釋放訂單: FS202511240DD37744
✓ 釋放訂單: FS2025112451E7658C
✓ 釋放訂單: FS2025112446B24D81
✓ 釋放訂單: FS2025112494ECC730
✓ 釋放訂單: FS202511246531978F
✓ 釋放訂單: FS20251124D146568F
✓ 釋放訂單: FS202511242AE263F0
✓ 釋放訂單: FS202511247708B4A1
✓ 釋放訂單: FS202511241E268ECE
✓ 釋放訂單: FS2025112441F4C375
✓ 釋放訂單: FS2025112419938386
✓ 釋放訂單: FS20251124CF2D59A1
✓ 釋放訂單: FS20251124DA024D06
✓ 釋放訂單: FS20251124003254E5
✓ 釋放訂單: FS2025112498964834
✓ 釋放訂單: FS202511245C9E3BB4
✓ 釋放訂單: FS20251124A697F198
✓ 釋放訂單: FS20251124B8812C06
✓ 釋放訂單: FS2025112433897E26
✓ 釋放訂單: FS2025112474AB429D
✓ 釋放訂單: FS202511244B29F124
✓ 釋放訂單: FS202511248F5B3B4A
✓ 釋放訂單: FS2025112489240420
✓ 釋放訂單: FS20251124799984FF
✓ 釋放訂單: FS202511247287E041
✓ 釋放訂單: FS2025112418D0964A
✓ 釋放訂單: FS202511241839DA18
✓ 釋放訂單: FS20251124D5E8AAED
✓ 釋放訂單: FS202511248AEA637A
✓ 釋放訂單: FS202511244ED34C33
✓ 釋放訂單: FS202511245DB8C007
✓ 釋放訂單: FS202511240225D3CB
✓ 釋放訂單: FS20251124D94A90D4
✓ 釋放訂單: FS20251124EBE0EA5E
✓ 釋放訂單: FS20251124D13B1112
✓ 釋放訂單: FS202511246860DB0F
✓ 釋放訂單: FS20251124390FE572
✓ 釋放訂單: FS20251124FE7DD8E7
✓ 釋放訂單: FS20251124FFAACD95
✓ 釋放訂單: FS20251124F9A692A1
✓ 釋放訂單: FS20251124389C695A
✓ 釋放訂單: FS20251124746FA2F9
✓ 釋放訂單: FS20251124D6BA4D98
✓ 釋放訂單: FS202511243C84D781
✓ 釋放訂單: FS202511245498FECA
✓ 釋放訂單: FS20251124906EA6B9
✓ 釋放訂單: FS2025112493D5F9F5
✓ 釋放訂單: FS202511248315FAA2
✓ 釋放訂單: FS20251124752F1B73
✓ 釋放訂單: FS202511242BC6EB33
✓ 釋放訂單: FS202511246A75F897
✓ 釋放訂單: FS202511244665214D
✓ 釋放訂單: FS20251124F2079FAE
✓ 釋放訂單: FS20251124E543068F
✓ 釋放訂單: FS20251124B0720DF9
✓ 釋放訂單: FS20251124DEB92D67
✓ 釋放訂單: FS202511244C50B06A
✓ 釋放訂單: FS20251124E9891A4F
✓ 釋放訂單: FS20251124BC184470
✓ 釋放訂單: FS20251124F4F73377
✓ 釋放訂單: FS202511246A88730F
✓ 釋放訂單: FS20251124C491B7BB
✓ 釋放訂單: FS202511247DA8FB95
✓ 釋放訂單: FS202511249051AB49
✓ 釋放訂單: FS2025112452645880
✓ 釋放訂單: FS202511245F73DBDE
✓ 釋放訂單: FS20251124A423344C
✓ 釋放訂單: FS202511240C93FC29
✓ 釋放訂單: FS202511242DC50527
✓ 釋放訂單: FS20251124F6E654AB
✓ 釋放訂單: FS20251124A34FA6A8
✓ 釋放訂單: FS2025112488EDD471
✓ 釋放訂單: FS20251124D27D2C94
✓ 釋放訂單: FS20251124ABB8B699
✓ 釋放訂單: FS202511244F3AAB1E
✓ 釋放訂單: FS2025112475B49FD6
✓ 釋放訂單: FS2025112464254702
✓ 釋放訂單: FS20251124188BD452
✓ 釋放訂單: FS20251124FFA21F96
✓ 釋放訂單: FS2025112480BA62E5
✓ 釋放訂單: FS20251124CB5F32A0
✓ 釋放訂單: FS20251124A6280F6C
✓ 釋放訂單: FS20251124909396C4
✓ 釋放訂單: FS202511241F9FF58A
✓ 釋放訂單: FS2025112442ED6F46
✓ 釋放訂單: FS20251124C1DD2D5C
✓ 釋放訂單: FS20251124FD350CA5
✓ 釋放訂單: FS2025112413BD3920
✓ 釋放訂單: FS20251124B7068FCC
✓ 釋放訂單: FS2025112402215096
✓ 釋放訂單: FS202511246577E197
✓ 釋放訂單: FS202511248CA3337C
✓ 釋放訂單: FS20251124B51A724F
✓ 釋放訂單: FS20251124B2D16FD9
✓ 釋放訂單: FS20251124A231442D
✓ 釋放訂單: FS2025112466D62CED
✓ 釋放訂單: FS2025112415CB0761
✓ 釋放訂單: FS20251124A9285420
✓ 釋放訂單: FS20251124A574C9CA
✓ 釋放訂單: FS202511249461B747
✓ 釋放訂單: FS202511248D7753A2
✓ 釋放訂單: FS2025112488B7C877
✓ 釋放訂單: FS20251124D3FB5A2D
✓ 釋放訂單: FS20251124F1361052
✓ 釋放訂單: FS202511245590D543
✓ 釋放訂單: FS202511247068C75E
✓ 釋放訂單: FS202511249B6BE3FF
✓ 釋放訂單: FS20251124059CDC6D
✓ 釋放訂單: FS20251124E08020C1
✓ 釋放訂單: FS20251124AA943799
✓ 釋放訂單: FS20251124CC8C644D
✓ 釋放訂單: FS20251124E095085D
✓ 釋放訂單: FS202511243A43D482
✓ 釋放訂單: FS202511244CCEC232
✓ 釋放訂單: FS20251124450F0994
✓ 釋放訂單: FS202511244E9B3E35
✓ 釋放訂單: FS2025112403EDC35D
✓ 釋放訂單: FS2025112404891786
✓ 釋放訂單: FS2025112406E7ECE5
✓ 釋放訂單: FS2025112408A81FBB
✓ 釋放訂單: FS20251124CD4031DF
✓ 釋放訂單: FS20251124EF160A08
✓ 釋放訂單: FS20251124BC3D84CD
✓ 釋放訂單: FS202511245E5D8AF3
✓ 釋放訂單: FS2025112487BCC526
✓ 釋放訂單: FS202511244A010E3C
✓ 釋放訂單: FS202511242C4C2397
✓ 釋放訂單: FS20251124EEA71172
✓ 釋放訂單: FS20251124D776A61B
✓ 釋放訂單: FS20251124D5D382B3
✓ 釋放訂單: FS20251124EF89E1C0
✓ 釋放訂單: FS20251124591E1E08
✓ 釋放訂單: FS20251124E0C88BD6
✓ 釋放訂單: FS20251124BBAAC002
✓ 釋放訂單: FS202511249B9716C0
✓ 釋放訂單: FS2025112454FCC7C1
✓ 釋放訂單: FS202511247626C98E
✓ 釋放訂單: FS20251124E3D8EE3D
✓ 釋放訂單: FS20251124A366E596
✓ 釋放訂單: FS2025112400EC50DD
✓ 釋放訂單: FS202511243015CD33
✓ 釋放訂單: FS20251124B6CBD3DF
✓ 釋放訂單: FS2025112447858900
✓ 釋放訂單: FS202511241B7B1E6D
✓ 釋放訂單: FS2025112461D2800F
✓ 釋放訂單: FS2025112441B98A9C
✓ 釋放訂單: FS20251124B821F984
✓ 釋放訂單: FS20251124A0B80A9F
✓ 釋放訂單: FS20251124B46132E9
✓ 釋放訂單: FS202511244FF014B1
✓ 釋放訂單: FS20251124B53C2A9F
✓ 釋放訂單: FS2025112497AC8E32
✓ 釋放訂單: FS20251124449A5636
✓ 釋放訂單: FS202511247E0FDE76
✓ 釋放訂單: FS2025112435E578ED
✓ 釋放訂單: FS20251124A8D644C8
✓ 釋放訂單: FS20251124B1FC0E41
✓ 釋放訂單: FS20251124B6B0C4B9
✓ 釋放訂單: FS20251124F596D214
✓ 釋放訂單: FS20251124C35D1EBE
✓ 釋放訂單: FS20251124A9C51916
✓ 釋放訂單: FS202511240208C0C5
✓ 釋放訂單: FS2025112456FB00A0
✓ 釋放訂單: FS202511240F037E4A
✓ 釋放訂單: FS2025112444BE182F
✓ 釋放訂單: FS20251124E3DB8A25
✓ 釋放訂單: FS202511242442874B
✓ 釋放訂單: FS2025112432776DF4
✓ 釋放訂單: FS20251124D00FB63A
✓ 釋放訂單: FS20251124285BAA38
✓ 釋放訂單: FS20251124AB023C5C
✓ 釋放訂單: FS202511241CDCDA84
✓ 釋放訂單: FS202511249FDFB791
✓ 釋放訂單: FS20251124524738CD
✓ 釋放訂單: FS20251124C715D38C
✓ 釋放訂單: FS20251124C468E023
✓ 釋放訂單: FS20251124B16452D1
✓ 釋放訂單: FS20251124016C3298
✓ 釋放訂單: FS20251124255B76A8
✓ 釋放訂單: FS202511247310E639
✓ 釋放訂單: FS2025112414EBD8D9
✓ 釋放訂單: FS2025112402949D1D
✓ 釋放訂單: FS20251124B474805A
✓ 釋放訂單: FS202511246827B9E2
✓ 釋放訂單: FS202511247C2A5E81
✓ 釋放訂單: FS20251124BDA1B287
✓ 釋放訂單: FS2025112498670718
✓ 釋放訂單: FS202511249CF90B61
✓ 釋放訂單: FS202511242684EBDB
✓ 釋放訂單: FS2025112449E7E8EC
✓ 釋放訂單: FS202511247C38BDD6
✓ 釋放訂單: FS202511241A50C28B
✓ 釋放訂單: FS20251124475A8DA2
✓ 釋放訂單: FS20251124C598AE81
✓ 釋放訂單: FS20251124183A274A
✓ 釋放訂單: FS20251124D1704207
✓ 釋放訂單: FS2025112475569B89
✓ 釋放訂單: FS202511242FD15B03
✓ 釋放訂單: FS202511248FA53F82
✓ 釋放訂單: FS20251124BBB9E37D
✓ 釋放訂單: FS20251124F227D3A4
✓ 釋放訂單: FS20251124099D351E
✓ 釋放訂單: FS20251124BC8188B7
✓ 釋放訂單: FS2025112482D73F8E
✓ 釋放訂單: FS202511249E31E75D
✓ 釋放訂單: FS20251124FB5EB067
✓ 釋放訂單: FS2025112409058BD5
✓ 釋放訂單: FS20251124911D0556
✓ 釋放訂單: FS20251124349DDA76
✓ 釋放訂單: FS20251124A69F0C02
✓ 釋放訂單: FS202511248D505D18
✓ 釋放訂單: FS20251124878B4D45
✓ 釋放訂單: FS202511244209FCCE
✓ 釋放訂單: FS20251124B67D3ACB
✓ 釋放訂單: FS20251124BDA030A7
✓ 釋放訂單: FS20251124D82887D1
✓ 釋放訂單: FS2025112409346806
✓ 釋放訂單: FS20251124E4787C3A
✓ 釋放訂單: FS202511246C182161
✓ 釋放訂單: FS20251124FFD4C72E
✓ 釋放訂單: FS2025112486D937C6
✓ 釋放訂單: FS202511244832C05A
✓ 釋放訂單: FS20251124536D7E65
✓ 釋放訂單: FS2025112432120D2A
✓ 釋放訂單: FS20251124A1FCFBBF
✓ 釋放訂單: FS202511241AD925F3
✓ 釋放訂單: FS20251124AF7D94FF
✓ 釋放訂單: FS20251124BC4FBD7F
✓ 釋放訂單: FS2025112417ED32EE
✓ 釋放訂單: FS2025112413219ECF
✓ 釋放訂單: FS20251124E0EA9989
✓ 釋放訂單: FS2025112495528253
✓ 釋放訂單: FS20251124EFF56267
✓ 釋放訂單: FS202511244846B3CC
✓ 釋放訂單: FS20251124D4CCF378
✓ 釋放訂單: FS20251124214A9416
✓ 釋放訂單: FS2025112402B21E0B
✓ 釋放訂單: FS20251124A1B57812
✓ 釋放訂單: FS202511247312A083
✓ 釋放訂單: FS20251124617F5B89
✓ 釋放訂單: FS20251124D5778649
✓ 釋放訂單: FS20251124903F4CD7
✓ 釋放訂單: FS202511245ED20239
✓ 釋放訂單: FS20251124678944FE
✓ 釋放訂單: FS202511249ECD3B65
✓ 釋放訂單: FS20251124343A2CE6
✓ 釋放訂單: FS20251124213F8031
✓ 釋放訂單: FS202511243BB04E46
✓ 釋放訂單: FS202511244A9A548D
✓ 釋放訂單: FS20251124AD9FB7B1
✓ 釋放訂單: FS2025112431297446
✓ 釋放訂單: FS20251124F68DB23D
✓ 釋放訂單: FS20251124788737B5
✓ 釋放訂單: FS2025112491134504
✓ 釋放訂單: FS202511245E2DD49F
✓ 釋放訂單: FS2025112414E9984C
✓ 釋放訂單: FS202511249DC52A15
✓ 釋放訂單: FS202511242E6D0B52
✓ 釋放訂單: FS202511247031CC7E
✓ 釋放訂單: FS20251124A64F7183
✓ 釋放訂單: FS202511247C4EEDDA
✓ 釋放訂單: FS20251124728013D7
✓ 釋放訂單: FS2025112459E26236
✓ 釋放訂單: FS20251124F58CC7D4
✓ 釋放訂單: FS20251124651B366C
✓ 釋放訂單: FS202511248E3D44DC
✓ 釋放訂單: FS2025112462F7CBE6
✓ 釋放訂單: FS20251124586C90BB
✓ 釋放訂單: FS20251124B1848AA4
✓ 釋放訂單: FS202511247461FAD0
✓ 釋放訂單: FS20251124FCAA494D
✓ 釋放訂單: FS202511249FB00AC3
✓ 釋放訂單: FS202511240A1D8277
✓ 釋放訂單: FS202511242607A74A
✓ 釋放訂單: FS2025112464D165B9
✓ 釋放訂單: FS20251124128CA85C
✓ 釋放訂單: FS20251124FA934D2F
✓ 釋放訂單: FS202511244AB28358
✓ 釋放訂單: FS202511243F05BC28
✓ 釋放訂單: FS202511244765D033
✓ 釋放訂單: FS202511240A5FDC69
✓ 釋放訂單: FS20251124011E9C62
✓ 釋放訂單: FS2025112422389C10
✓ 釋放訂單: FS2025112413853EC7
✓ 釋放訂單: FS202511244358BE79
✓ 釋放訂單: FS20251124AE80EEC6
✓ 釋放訂單: FS20251124EF0927EE
✓ 釋放訂單: FS20251124FF6FEC44
✓ 釋放訂單: FS2025112473B7B1AC
✓ 釋放訂單: FS202511246FC93C20
✓ 釋放訂單: FS2025112471D8944C
✓ 釋放訂單: FS20251124C3766608
✓ 釋放訂單: FS202511242B857DAB
✓ 釋放訂單: FS202511245E1C76FD
✓ 釋放訂單: FS20251124EB1F83FB
✓ 釋放訂單: FS20251124AB71EF46
✓ 釋放訂單: FS202511248D7834AF
✓ 釋放訂單: FS20251124753EC1D9
✓ 釋放訂單: FS202511243A8F4C95
✓ 釋放訂單: FS202511246FED61F1
✓ 釋放訂單: FS20251124F2B538C6
✓ 釋放訂單: FS2025112499DD1930
✓ 釋放訂單: FS2025112433CABA8F
✓ 釋放訂單: FS20251124ED65AC99
✓ 釋放訂單: FS202511247C84FF85
✓ 釋放訂單: FS202511248BE1649F
✓ 釋放訂單: FS20251124CBA175EB
✓ 釋放訂單: FS20251124541FA031
✓ 釋放訂單: FS202511245389BC17
✓ 釋放訂單: FS2025112477F5450D
✓ 釋放訂單: FS2025112434899F0B
✓ 釋放訂單: FS20251124026487E3
✓ 釋放訂單: FS2025112475DF0C51
✓ 釋放訂單: FS20251124F3535EB9
✓ 釋放訂單: FS20251124CCD8B1E3
✓ 釋放訂單: FS202511241E0DB46A
✓ 釋放訂單: FS20251124CC6B2B5A
✓ 釋放訂單: FS20251124CD06285D
✓ 釋放訂單: FS20251124E5B8BC31
✓ 釋放訂單: FS20251124772DCD14
✓ 釋放訂單: FS20251124CB383E5B
✓ 釋放訂單: FS20251124EBE06B9C
✓ 釋放訂單: FS20251124E8F3A038
✓ 釋放訂單: FS20251124113E6BF3
✓ 釋放訂單: FS202511248F7A13CB
✓ 釋放訂單: FS20251124060CDC1C
✓ 釋放訂單: FS20251124F073D6B3
✓ 釋放訂單: FS20251124D09D31E1
✓ 釋放訂單: FS20251124B66AE92C
✓ 釋放訂單: FS20251124FF3B48D3
✓ 釋放訂單: FS20251124308A4A81
✓ 釋放訂單: FS202511242A3836D7
✓ 釋放訂單: FS2025112438EB37F0
✓ 釋放訂單: FS20251124451DA83B
✓ 釋放訂單: FS202511248D02972D
✓ 釋放訂單: FS202511249A7F9EC0
✓ 釋放訂單: FS20251124E94007A5
✓ 釋放訂單: FS202511241F48D382
✓ 釋放訂單: FS20251124BD599B0F
✓ 釋放訂單: FS20251124BE8AB549
✓ 釋放訂單: FS202511249481215A
✓ 釋放訂單: FS2025112440A1D762
✓ 釋放訂單: FS202511248D015766
✓ 釋放訂單: FS202511249130FBC6
✓ 釋放訂單: FS2025112421F6BEF5
✓ 釋放訂單: FS20251124CCE5B718
✓ 釋放訂單: FS2025112469E63151
✓ 釋放訂單: FS2025112465552A61
✓ 釋放訂單: FS20251124AD36B330
✓ 釋放訂單: FS20251124B360C634
✓ 釋放訂單: FS20251124D5A31901
✓ 釋放訂單: FS202511248243A5CD
✓ 釋放訂單: FS20251124EDBB1665
✓ 釋放訂單: FS20251124D031A848
✓ 釋放訂單: FS20251124E3A3C508
✓ 釋放訂單: FS20251124BFC275B2
✓ 釋放訂單: FS202511241EE2F55C
✓ 釋放訂單: FS202511243E27BA2D
✓ 釋放訂單: FS20251124F9C2DFBC
✓ 釋放訂單: FS2025112420BBE27E
✓ 釋放訂單: FS20251124FA0CDB76
✓ 釋放訂單: FS2025112406614479
✓ 釋放訂單: FS202511241727BF02
✓ 釋放訂單: FS2025112453A904F5
✓ 釋放訂單: FS20251124F800AE79
✓ 釋放訂單: FS202511247272ABD8
✓ 釋放訂單: FS2025112442AC52FA
✓ 釋放訂單: FS202511247FC12D43
✓ 釋放訂單: FS202511240D3ECD2F
✓ 釋放訂單: FS2025112439CBBD2A
✓ 釋放訂單: FS20251124A12E7228
✓ 釋放訂單: FS20251124D6D0828A
✓ 釋放訂單: FS2025112463BB7D3D
✓ 釋放訂單: FS202511243A03BB97
✓ 釋放訂單: FS20251124EF93A642
✓ 釋放訂單: FS202511246C435B23
✓ 釋放訂單: FS202511247C466EF4
✓ 釋放訂單: FS2025112441AAB62A
✓ 釋放訂單: FS20251124CA7B5F70
✓ 釋放訂單: FS20251124F083FD9F
✓ 釋放訂單: FS202511246115BCAB
✓ 釋放訂單: FS20251124D5D11CA2
✓ 釋放訂單: FS20251124D0398654
✓ 釋放訂單: FS2025112479EF8FA3
✓ 釋放訂單: FS20251124F091A582
✓ 釋放訂單: FS2025112463583EBC
✓ 釋放訂單: FS202511248C1A6F35
✓ 釋放訂單: FS202511245F192932
✓ 釋放訂單: FS20251124F9785A21
✓ 釋放訂單: FS2025112457F65928
✓ 釋放訂單: FS2025112454E6F6B0
✓ 釋放訂單: FS20251124A0BCBDC0
✓ 釋放訂單: FS2025112435AB7E7D
✓ 釋放訂單: FS2025112492DB508C
✓ 釋放訂單: FS20251124E62216F5
✓ 釋放訂單: FS202511243E800A69
✓ 釋放訂單: FS20251124CED27B5E
✓ 釋放訂單: FS202511248F23911E
✓ 釋放訂單: FS20251124A618275C
✓ 釋放訂單: FS20251124555D42A5
✓ 釋放訂單: FS202511240479DB49
✓ 釋放訂單: FS20251124B69A0DBB
✓ 釋放訂單: FS202511243E21B26B
✓ 釋放訂單: FS202511243BA648ED
✓ 釋放訂單: FS202511246E4FB761
✓ 釋放訂單: FS20251124652E8CAB
✓ 釋放訂單: FS20251124B7F6B0DF
✓ 釋放訂單: FS202511245719DD63
✓ 釋放訂單: FS202511242B9F69BE
✓ 釋放訂單: FS2025112459DA0445
✓ 釋放訂單: FS20251124EC654E45
✓ 釋放訂單: FS20251124E623B3DD
✓ 釋放訂單: FS2025112438C19275
✓ 釋放訂單: FS20251124917D3092
✓ 釋放訂單: FS2025112462F6F9C2
✓ 釋放訂單: FS20251124F836FBA8
✓ 釋放訂單: FS20251124FD58B85B
✓ 釋放訂單: FS20251124210605A5
✓ 釋放訂單: FS2025112455A82880
✓ 釋放訂單: FS2025112454F52CA2
✓ 釋放訂單: FS202511240255344D
✓ 釋放訂單: FS20251124B01BC7DB
✓ 釋放訂單: FS20251124E93B9D2A
✓ 釋放訂單: FS20251124C303C66F
✓ 釋放訂單: FS20251124D852F5B5
✓ 釋放訂單: FS20251124E969B408
✓ 釋放訂單: FS20251124B701F993
✓ 釋放訂單: FS202511248115D54F
✓ 釋放訂單: FS202511244AAA1777
✓ 釋放訂單: FS202511244F85AC3D
✓ 釋放訂單: FS202511241917FDE7
✓ 釋放訂單: FS202511242D04C78F
✓ 釋放訂單: FS202511246C6EC6B4
✓ 釋放訂單: FS202511247BD19614
✓ 釋放訂單: FS20251124C510DF98
✓ 釋放訂單: FS20251124AFBDC69A
✓ 釋放訂單: FS202511240E64EF09
✓ 釋放訂單: FS2025112405AF5A8A
✓ 釋放訂單: FS202511244D2D5EE7
✓ 釋放訂單: FS20251124C7EA34FB
✓ 釋放訂單: FS202511246615A0DE
✓ 釋放訂單: FS2025112421E3BB91
✓ 釋放訂單: FS20251124C1F45A89
✓ 釋放訂單: FS20251124D73E384B
✓ 釋放訂單: FS202511241A6E067D
✓ 釋放訂單: FS2025112449B23109
✓ 釋放訂單: FS20251124AF70D3E2
✓ 釋放訂單: FS20251124242BB600
✓ 釋放訂單: FS202511246FC9B529
✓ 釋放訂單: FS20251124E4E36889
✓ 釋放訂單: FS20251124FD3323E3
✓ 釋放訂單: FS20251124134AFE96
✓ 釋放訂單: FS20251124F8958B41
✓ 釋放訂單: FS202511243E6DB2E7
✓ 釋放訂單: FS2025112424AF3FDE
✓ 釋放訂單: FS202511247D73D915
✓ 釋放訂單: FS20251124E9D9D37E
✓ 釋放訂單: FS202511246918C5A8
✓ 釋放訂單: FS20251124E58CBC06
✓ 釋放訂單: FS20251124FDD8D6BB
✓ 釋放訂單: FS202511247D8636DE
✓ 釋放訂單: FS2025112488F5BAAD
✓ 釋放訂單: FS20251124591E0D01
✓ 釋放訂單: FS2025112464283530
✓ 釋放訂單: FS2025112464B72EC6
✓ 釋放訂單: FS20251124B457265D
✓ 釋放訂單: FS202511242E23F185
✓ 釋放訂單: FS2025112476EA082C
✓ 釋放訂單: FS2025112443BC30E4
✓ 釋放訂單: FS202511246D94A90D
✓ 釋放訂單: FS202511249F9A832E
✓ 釋放訂單: FS20251124850A2236
✓ 釋放訂單: FS20251124B639872A
✓ 釋放訂單: FS202511241E208989
✓ 釋放訂單: FS202511248EE52437
✓ 釋放訂單: FS2025112450935519
✓ 釋放訂單: FS20251124CB78238C
✓ 釋放訂單: FS20251124B05B5712
✓ 釋放訂單: FS20251124BCD23B64
✓ 釋放訂單: FS20251124F620C969
✓ 釋放訂單: FS2025112442C35BFB
✓ 釋放訂單: FS202511245011BFB5
✓ 釋放訂單: FS20251124BC44100B
✓ 釋放訂單: FS2025112489191EC8
✓ 釋放訂單: FS2025112456CCC802
✓ 釋放訂單: FS20251124F5C1D459
✓ 釋放訂單: FS202511244BC93A53
✓ 釋放訂單: FS20251124F05042AB
✓ 釋放訂單: FS2025112499F8BD40
✓ 釋放訂單: FS202511243373DBE5
✓ 釋放訂單: FS20251124E04AE355
✓ 釋放訂單: FS2025112495FCA006
✓ 釋放訂單: FS202511246AC67810
✓ 釋放訂單: FS20251124DD039939
✓ 釋放訂單: FS2025112499CF705B
✓ 釋放訂單: FS20251124765A2B33
✓ 釋放訂單: FS20251124DC287FD1
✓ 釋放訂單: FS202511240C5C1EF2
✓ 釋放訂單: FS20251124FB05BB12
✓ 釋放訂單: FS202511248C843414
✓ 釋放訂單: FS20251124E5DDB28D
✓ 釋放訂單: FS2025112428324EDB
✓ 釋放訂單: FS20251124FBAD72BD
✓ 釋放訂單: FS202511240BF26331
✓ 釋放訂單: FS20251124DF6E71E7
✓ 釋放訂單: FS20251124D070276A
✓ 釋放訂單: FS20251124AE415562
✓ 釋放訂單: FS20251124801E89A9
✓ 釋放訂單: FS20251124F8DDBDB0
✓ 釋放訂單: FS20251124DE71CB8B
✓ 釋放訂單: FS20251124049F8D61
✓ 釋放訂單: FS2025112456BAC8DA
✓ 釋放訂單: FS2025112445AA41E7
✓ 釋放訂單: FS20251124B6E54561
✓ 釋放訂單: FS20251124EC9246A5
✓ 釋放訂單: FS20251124E70AC8CF
✓ 釋放訂單: FS20251124F960BBCC
✓ 釋放訂單: FS202511246BCA7B16
✓ 釋放訂單: FS2025112415CA7D2D
✓ 釋放訂單: FS202511242DD39096
✓ 釋放訂單: FS20251124ABE13DDE
✓ 釋放訂單: FS2025112477DE4871
✓ 釋放訂單: FS2025112447B9D678
✓ 釋放訂單: FS20251124A806321B
✓ 釋放訂單: FS202511241BA4C6B4
✓ 釋放訂單: FS20251124135FB545
✓ 釋放訂單: FS2025112443B678BD
✓ 釋放訂單: FS2025112476F556EE
✓ 釋放訂單: FS20251124CDF73586
✓ 釋放訂單: FS20251124ECC15787
✓ 釋放訂單: FS20251124806697B1
✓ 釋放訂單: FS20251124E311ACB7
✓ 釋放訂單: FS202511245749E1E4
✓ 釋放訂單: FS20251124EE949F5D
✓ 釋放訂單: FS20251124EA9DCA6A
✓ 釋放訂單: FS202511247382D3F3
✓ 釋放訂單: FS202511241420E39C
✓ 釋放訂單: FS202511240D952803
✓ 釋放訂單: FS202511240370A9C7
✓ 釋放訂單: FS20251124325CEB0C
✓ 釋放訂單: FS20251124FE6A50C1
✓ 釋放訂單: FS202511247910543D
✓ 釋放訂單: FS20251124F8EA59C4
✓ 釋放訂單: FS202511242F2E2658
✓ 釋放訂單: FS2025112414BE535F
✓ 釋放訂單: FS20251124CC266B4A
✓ 釋放訂單: FS2025112430EE728E
✓ 釋放訂單: FS20251124876FAF0B
✓ 釋放訂單: FS20251124C0ADB283
✓ 釋放訂單: FS20251124DD582483
✓ 釋放訂單: FS20251124634EE5F2
✓ 釋放訂單: FS2025112408F70C76
✓ 釋放訂單: FS2025112420A4C23A
✓ 釋放訂單: FS202511247C28F598
✓ 釋放訂單: FS20251124A73E96ED
✓ 釋放訂單: FS2025112496D9B9D0
✓ 釋放訂單: FS20251124FDE5FFE1
✓ 釋放訂單: FS20251124A252B36C
✓ 釋放訂單: FS202511249A015A3F
✓ 釋放訂單: FS202511244E492761
✓ 釋放訂單: FS202511246109D698
✓ 釋放訂單: FS2025112407750B0B
✓ 釋放訂單: FS20251124A40D574A
✓ 釋放訂單: FS20251124AEE52832
✓ 釋放訂單: FS20251124D8E2FD1D
✓ 釋放訂單: FS20251124D9D7C989
✓ 釋放訂單: FS202511245AA88FBB
✓ 釋放訂單: FS20251124A7E36148
✓ 釋放訂單: FS2025112464C02FCC
✓ 釋放訂單: FS2025112457E6D819
✓ 釋放訂單: FS2025112424492245
✓ 釋放訂單: FS202511248A05F97F
✓ 釋放訂單: FS20251124B0EDBC3E
✓ 釋放訂單: FS20251124B0112E8D
✓ 釋放訂單: FS20251124C09EA098
✓ 釋放訂單: FS2025112431CEC318
✓ 釋放訂單: FS20251124B8968B56
✓ 釋放訂單: FS20251124FA838A0F
✓ 釋放訂單: FS20251124E7BFB394
✓ 釋放訂單: FS20251124E93322FF
✓ 釋放訂單: FS202511243C47AF8B
✓ 釋放訂單: FS20251124360355D1
✓ 釋放訂單: FS2025112452EEF561
✓ 釋放訂單: FS2025112476A36248
✓ 釋放訂單: FS20251124A9D95227
✓ 釋放訂單: FS202511248E844104
✓ 釋放訂單: FS202511243DF16600
✓ 釋放訂單: FS20251124C21C1D7C
✓ 釋放訂單: FS2025112411E6D787
✓ 釋放訂單: FS20251124D98B7238
✓ 釋放訂單: FS2025112478F949CA
✓ 釋放訂單: FS20251124E683AAEB
✓ 釋放訂單: FS20251124D64E0C77
✓ 釋放訂單: FS202511245686DCDF
✓ 釋放訂單: FS20251124C8929827
✓ 釋放訂單: FS2025112409A21914
✓ 釋放訂單: FS20251124B6349193
✓ 釋放訂單: FS20251124CD0C8005
✓ 釋放訂單: FS20251124BB3234DE
✓ 釋放訂單: FS20251124B9D0570D
✓ 釋放訂單: FS20251124D593CBF8
✓ 釋放訂單: FS20251124462ACF12
✓ 釋放訂單: FS2025112432A9DA3A
✓ 釋放訂單: FS2025112403B84576
✓ 釋放訂單: FS20251124AAB8AE27
✓ 釋放訂單: FS20251124FB2F9EA2
✓ 釋放訂單: FS202511249C7E2DB9
✓ 釋放訂單: FS20251124809436FB
✓ 釋放訂單: FS202511247F52A599
✓ 釋放訂單: FS20251124161C35A5
✓ 釋放訂單: FS20251124BF8DB968
✓ 釋放訂單: FS202511245CD70A72
✓ 釋放訂單: FS202511247BE47D7E
✓ 釋放訂單: FS20251124E2FFB5AD
✓ 釋放訂單: FS20251124A28DAEAE
✓ 釋放訂單: FS202511241551F29A
✓ 釋放訂單: FS20251124EB26B171
✓ 釋放訂單: FS20251124CABC6D86
✓ 釋放訂單: FS20251124849271A8
✓ 釋放訂單: FS20251124F88A6861
✓ 釋放訂單: FS20251124926A7C04
✓ 釋放訂單: FS20251124B7900126
✓ 釋放訂單: FS202511247C00E91F
✓ 釋放訂單: FS20251124D99ACED8
✓ 釋放訂單: FS2025112443DC7425
✓ 釋放訂單: FS20251124947FAD05
✓ 釋放訂單: FS20251124C06F44A3
✓ 釋放訂單: FS20251124FFFD08F3
✓ 釋放訂單: FS2025112476E2B2D4
✓ 釋放訂單: FS20251124F3A932F1
✓ 釋放訂單: FS20251124680E2C98
✓ 釋放訂單: FS2025112480334662
✓ 釋放訂單: FS202511243974EAF5
✓ 釋放訂單: FS202511248384A100
✓ 釋放訂單: FS2025112463416379
✓ 釋放訂單: FS20251124A05678EF
✓ 釋放訂單: FS2025112477B56454
✓ 釋放訂單: FS202511242A4DA9DA
✓ 釋放訂單: FS2025112424E55F65
✓ 釋放訂單: FS20251124260DF47C
✓ 釋放訂單: FS20251124828A9985
✓ 釋放訂單: FS202511245764B5D9
✓ 釋放訂單: FS20251124E5801C35
✓ 釋放訂單: FS20251124A477D226
✓ 釋放訂單: FS20251124DF934E95
✓ 釋放訂單: FS20251124D3F8B6C5
✓ 釋放訂單: FS202511248FED2F18
✓ 釋放訂單: FS202511241AB7BC3B
✓ 釋放訂單: FS20251124619B8D03
✓ 釋放訂單: FS20251124F5342A3D
✓ 釋放訂單: FS20251124E6D76336
✓ 釋放訂單: FS2025112422EB2C1B
✓ 釋放訂單: FS2025112409265514
✓ 釋放訂單: FS202511242163BD25
✓ 釋放訂單: FS2025112420EAD7E5
✓ 釋放訂單: FS2025112493D8879A
✓ 釋放訂單: FS20251124011D583C
✓ 釋放訂單: FS20251124376549A8
✓ 釋放訂單: FS20251124F443BB46
✓ 釋放訂單: FS20251124C7C51BBE
✓ 釋放訂單: FS20251124A109563C
✓ 釋放訂單: FS202511241BE28CC5
✓ 釋放訂單: FS20251124765C2E19
✓ 釋放訂單: FS20251124AE5F580C
✓ 釋放訂單: FS202511246BAF5E84
✓ 釋放訂單: FS20251124DD34081D
✓ 釋放訂單: FS20251124BAF32458
✓ 釋放訂單: FS20251124F7EDA290
✓ 釋放訂單: FS2025112490E26E6D
✓ 釋放訂單: FS2025112473219F81
✓ 釋放訂單: FS2025112435B83136
✓ 釋放訂單: FS20251124906F94C6
✓ 釋放訂單: FS20251124B2169D22
✓ 釋放訂單: FS20251124F86A1C15
✓ 釋放訂單: FS202511246C316DD1
✓ 釋放訂單: FS2025112448016C07
✓ 釋放訂單: FS2025112406EBBA2A
✓ 釋放訂單: FS2025112485DA6BBA
✓ 釋放訂單: FS202511244C4A38FD
✓ 釋放訂單: FS20251124BF998CB0
✓ 釋放訂單: FS2025112489D3080D
✓ 釋放訂單: FS20251124CC2E2B4C
✓ 釋放訂單: FS2025112450C87FB7
✓ 釋放訂單: FS202511249C0B1E69
✓ 釋放訂單: FS20251124371D2F64
✓ 釋放訂單: FS202511243F1F0187
✓ 釋放訂單: FS202511248CD41C82
✓ 釋放訂單: FS20251124C2F7E774
✓ 釋放訂單: FS20251124A03541F6
✓ 釋放訂單: FS202511247F679ECB
✓ 釋放訂單: FS2025112414288F99
✓ 釋放訂單: FS2025112428D0CB8E
✓ 釋放訂單: FS20251124FCD72ED7
✓ 釋放訂單: FS20251124806900B0
✓ 釋放訂單: FS2025112420DFEC8C
✓ 釋放訂單: FS2025112432D90F2E
✓ 釋放訂單: FS202511241D4BDFC6
✓ 釋放訂單: FS2025112457C827C9
✓ 釋放訂單: FS2025112427A2852B
✓ 釋放訂單: FS2025112457C7C6DD
✓ 釋放訂單: FS2025112426FC0356
✓ 釋放訂單: FS2025112450A80891
✓ 釋放訂單: FS20251124B2B7952E
✓ 釋放訂單: FS202511249E2EF75B
✓ 釋放訂單: FS20251124D1FC097C
✓ 釋放訂單: FS202511244EC46D96
✓ 釋放訂單: FS2025112430A98F20
✓ 釋放訂單: FS20251124A774528D
✓ 釋放訂單: FS20251124EBDE4ADB
✓ 釋放訂單: FS202511240FE5C9CE
✓ 釋放訂單: FS20251124CEDD9AD4
✓ 釋放訂單: FS2025112432DE1AEB
✓ 釋放訂單: FS202511247288638A
✓ 釋放訂單: FS20251124A309C3FA
✓ 釋放訂單: FS20251124A05EC9EA
✓ 釋放訂單: FS202511240864A7AD
✓ 釋放訂單: FS20251124FB1688F9
✓ 釋放訂單: FS20251124A582D81D
✓ 釋放訂單: FS20251124F0C7009E
✓ 釋放訂單: FS20251124BF23A168
✓ 釋放訂單: FS20251124C1075FC2
✓ 釋放訂單: FS202511240D4FA5F6
✓ 釋放訂單: FS202511249CA88AC4
✓ 釋放訂單: FS2025112442A87EA4
✓ 釋放訂單: FS20251124F6C6A627
✓ 釋放訂單: FS20251124CA5F8C2B
✓ 釋放訂單: FS20251124ABAA10EA
✓ 釋放訂單: FS202511248C390B27
✓ 釋放訂單: FS202511243C6200B9
✓ 釋放訂單: FS202511247F4D27D9
✓ 釋放訂單: FS20251124DDAC664E
✓ 釋放訂單: FS20251124C03AB08E
✓ 釋放訂單: FS20251124F0027F0F
✓ 釋放訂單: FS20251124FFABB8D7
✓ 釋放訂單: FS202511243D062931
✓ 釋放訂單: FS2025112457CC445B
✓ 釋放訂單: FS20251124BC9700CB
✓ 釋放訂單: FS202511243EE82AC6
✓ 釋放訂單: FS202511248A4396C1
✓ 釋放訂單: FS2025112479E468A4
✓ 釋放訂單: FS20251124451B3CC9
✓ 釋放訂單: FS2025112429510D16
✓ 釋放訂單: FS202511242F0351A2
✓ 釋放訂單: FS20251124954C7576
✓ 釋放訂單: FS20251124DD7B4062
✓ 釋放訂單: FS20251124940996BC
✓ 釋放訂單: FS202511241AA63EAC
✓ 釋放訂單: FS2025112426893744
✓ 釋放訂單: FS202511240DC6FD8F
✓ 釋放訂單: FS202511249583B21D
✓ 釋放訂單: FS20251124F8D467EE
✓ 釋放訂單: FS202511242919EADE
✓ 釋放訂單: FS20251124F95C34E6
✓ 釋放訂單: FS20251124C9E0F71A
✓ 釋放訂單: FS20251124B3DB6CDD
✓ 釋放訂單: FS20251124BCC54270
✓ 釋放訂單: FS20251124AEB950C2
✓ 釋放訂單: FS2025112434D5A796
✓ 釋放訂單: FS202511242A7D8427
✓ 釋放訂單: FS20251124E11B089F
✓ 釋放訂單: FS2025112446445573
✓ 釋放訂單: FS2025112439CC76EE
✓ 釋放訂單: FS20251124DC06D194
✓ 釋放訂單: FS20251124ED410226
✓ 釋放訂單: FS20251124ED41D901
✓ 釋放訂單: FS202511243C5CFD7C
✓ 釋放訂單: FS20251124CB9D8DDF
✓ 釋放訂單: FS20251124DCBEF432
✓ 釋放訂單: FS20251124FD3034F6
✓ 釋放訂單: FS20251124C285FE05
✓ 釋放訂單: FS20251124DBF79EE6
✓ 釋放訂單: FS2025112446B68AFB
✓ 釋放訂單: FS2025112430AAC63D
✓ 釋放訂單: FS2025112401949AD9
✓ 釋放訂單: FS2025112473F4F20D
✓ 釋放訂單: FS20251124F3AEE440
✓ 釋放訂單: FS20251124FE443C2F
✓ 釋放訂單: FS20251124DAA76B6C
✓ 釋放訂單: FS202511245658A4E0
✓ 釋放訂單: FS20251124FD2E5D82
✓ 釋放訂單: FS2025112423CFF3C1
✓ 釋放訂單: FS20251124175C08D3
✓ 釋放訂單: FS2025112459885E37
✓ 釋放訂單: FS202511243922BA40
✓ 釋放訂單: FS2025112452102AFE
✓ 釋放訂單: FS20251124EFC2E1F4
✓ 釋放訂單: FS20251124FD9C901C
✓ 釋放訂單: FS2025112445003592
✓ 釋放訂單: FS202511242D3DD6D1
✓ 釋放訂單: FS20251124CF17AFB4
✓ 釋放訂單: FS2025112449926A3F
✓ 釋放訂單: FS202511247A3B588D
✓ 釋放訂單: FS20251124B965B5EB
✓ 釋放訂單: FS20251124A016AFCE
✓ 釋放訂單: FS20251124C9EDF490
✓ 釋放訂單: FS20251124D2CAC6B6
✓ 釋放訂單: FS2025112445051AD9
✓ 釋放訂單: FS202511241408FCF1
✓ 釋放訂單: FS20251124FF97C8B8
✓ 釋放訂單: FS2025112426AED9DD
✓ 釋放訂單: FS2025112413B8560C
✓ 釋放訂單: FS202511240E7642E6
✓ 釋放訂單: FS2025112471CF25C1
✓ 釋放訂單: FS20251124C13AF8BF
✓ 釋放訂單: FS20251124E8324E20
✓ 釋放訂單: FS20251124C38C5205
✓ 釋放訂單: FS20251124BE8DF587
✓ 釋放訂單: FS202511242750131B
✓ 釋放訂單: FS20251124748825F4
✓ 釋放訂單: FS20251124EC6CC732
✓ 釋放訂單: FS2025112468449DE3
✓ 釋放訂單: FS20251124042075D1
✓ 釋放訂單: FS20251124B7A61E73
✓ 釋放訂單: FS20251124C405B7BF
✓ 釋放訂單: FS2025112400369366
✓ 釋放訂單: FS2025112495776450
✓ 釋放訂單: FS202511244D085FE1
✓ 釋放訂單: FS2025112438C50124
✓ 釋放訂單: FS20251124A2797BBA
✓ 釋放訂單: FS2025112449048408
✓ 釋放訂單: FS20251124D97499E7
✓ 釋放訂單: FS20251124AA0422AA
✓ 釋放訂單: FS202511248920D442
✓ 釋放訂單: FS20251124231DFACA
✓ 釋放訂單: FS2025112491B6B4CD
✓ 釋放訂單: FS202511242B20DD50
✓ 釋放訂單: FS2025112448ABE4DB
✓ 釋放訂單: FS20251124E2AE9FC6
✓ 釋放訂單: FS20251124820591FB
✓ 釋放訂單: FS202511243C66E0F6
✓ 釋放訂單: FS20251124DB3BEB48
✓ 釋放訂單: FS202511249F1F6105
✓ 釋放訂單: FS2025112498CB8605
✓ 釋放訂單: FS20251124B2287FEC
✓ 釋放訂單: FS202511245B443E24
✓ 釋放訂單: FS20251124D6D83FB2
✓ 釋放訂單: FS20251124118F3E67
✓ 釋放訂單: FS20251124E81D7480
✓ 釋放訂單: FS20251124DAF6D203
✓ 釋放訂單: FS202511242876107E
✓ 釋放訂單: FS202511245F5271A6
✓ 釋放訂單: FS2025112485B632BB
✓ 釋放訂單: FS202511241B701A33
✓ 釋放訂單: FS2025112496B1A0C4
✓ 釋放訂單: FS20251124F2EFA847
✓ 釋放訂單: FS202511241E02F9E7
✓ 釋放訂單: FS20251124A5A891B3
✓ 釋放訂單: FS20251124916AB369
✓ 釋放訂單: FS20251124285F4B74
✓ 釋放訂單: FS20251124C0CC49AB
✓ 釋放訂單: FS20251124704130A0
✓ 釋放訂單: FS2025112468D86E74
✓ 釋放訂單: FS20251124A3DB10CD
✓ 釋放訂單: FS2025112431DA8B81
✓ 釋放訂單: FS20251124CA3BC018
✓ 釋放訂單: FS202511246C82B36A
✓ 釋放訂單: FS202511247B02F9B9
✓ 釋放訂單: FS2025112439FC3104
✓ 釋放訂單: FS20251124B8C3CC91
✓ 釋放訂單: FS20251124D4E14F5F
✓ 釋放訂單: FS202511249677DF30
✓ 釋放訂單: FS202511249DF0AB6A
✓ 釋放訂單: FS202511244833A646
✓ 釋放訂單: FS2025112425D7EDD7
✓ 釋放訂單: FS20251124873D63B6
✓ 釋放訂單: FS20251124099E8374
✓ 釋放訂單: FS202511247645D2AE
✓ 釋放訂單: FS202511247CC58D7F
✓ 釋放訂單: FS20251124B7AD42EE
✓ 釋放訂單: FS2025112495B5FCF7
✓ 釋放訂單: FS20251124F5F3054B
✓ 釋放訂單: FS2025112463EE0653
✓ 釋放訂單: FS202511246CE8151C
✓ 釋放訂單: FS2025112402D638E6
✓ 釋放訂單: FS202511245D7E0EDC
✓ 釋放訂單: FS2025112499CA4CAB
✓ 釋放訂單: FS20251124784E4E1D
✓ 釋放訂單: FS202511247FF0D297
✓ 釋放訂單: FS2025112407E5C3BB
✓ 釋放訂單: FS20251124F4FC139F
✓ 釋放訂單: FS202511241005B21C
✓ 釋放訂單: FS202511240615ACB7
✓ 釋放訂單: FS20251124C56E5235
✓ 釋放訂單: FS20251124CF49DF0A
✓ 釋放訂單: FS20251124F2925116
✓ 釋放訂單: FS20251124011AB700
✓ 釋放訂單: FS2025112492F1D7C7
✓ 釋放訂單: FS202511241F110EFD
✓ 釋放訂單: FS20251124B12A8BB3
✓ 釋放訂單: FS202511242E7AFFE7
✓ 釋放訂單: FS20251124424E0136
✓ 釋放訂單: FS2025112476BBE4E2
✓ 釋放訂單: FS2025112483E3E845
✓ 釋放訂單: FS20251124E66C8FC1
✓ 釋放訂單: FS202511247E50C055
✓ 釋放訂單: FS20251124A1F87E50
✓ 釋放訂單: FS202511244ADBA412
✓ 釋放訂單: FS20251124F65B2171
✓ 釋放訂單: FS2025112402B296D3
✓ 釋放訂單: FS202511245185BA3F
✓ 釋放訂單: FS202511241C26C630
✓ 釋放訂單: FS202511245F5BC5F4
✓ 釋放訂單: FS20251124CA973C5E
✓ 釋放訂單: FS202511243D61C1D5
✓ 釋放訂單: FS20251124236E5D93
✓ 釋放訂單: FS20251124A00D4631

總共成功釋放 1000 筆逾時訂單的庫存
沒有逾時未付款的訂單
沒有逾時未付款的訂單
沒有逾時未付款的訂單
沒有逾時未付款的訂單
沒有逾時未付款的訂單
沒有逾時未付款的訂單
沒有逾時未付款的訂單
沒有逾時未付款的訂單
沒有逾時未付款的訂單
沒有逾時未付款的訂單
沒有逾時未付款的訂單
沒有逾時未付款的訂單
沒有逾時未付款的訂單
沒有逾時未付款的訂單
沒有逾時未付款的訂單
沒有逾時未付款的訂單
沒有逾時未付款的訂單
沒有逾時未付款的訂單
沒有逾時未付款的訂單
沒有逾時未付款的訂單
沒有逾時未付款的訂單
沒有逾時未付款的訂單
沒有逾時未付款的訂單
沒有逾時未付款的訂單
沒有逾時未付款的訂單
沒有逾時未付款的訂單
沒有逾時未付款的訂單
沒有逾時未付款的訂單
沒有逾時未付款的訂單
沒有逾時未付款的訂單
沒有逾時未付款的訂單
沒有逾時未付款的訂單
沒有逾時未付款的訂單
沒有逾時未付款的訂單
沒有逾時未付款的訂單
沒有逾時未付款的訂單
沒有逾時未付款的訂單
沒有逾時未付款的訂單
沒有逾時未付款的訂單
沒有逾時未付款的訂單
沒有逾時未付款的訂單
沒有逾時未付款的訂單
沒有逾時未付款的訂單
沒有逾時未付款的訂單
沒有逾時未付款的訂單
沒有逾時未付款的訂單
沒有逾時未付款的訂單
沒有逾時未付款的訂單
沒有逾時未付款的訂單
沒有逾時未付款的訂單
沒有逾時未付款的訂單
沒有逾時未付款的訂單
✓ 釋放訂單: FS20251124871C61F1

總共成功釋放 1 筆逾時訂單的庫存
沒有逾時未付款的訂單
沒有逾時未付款的訂單
沒有逾時未付款的訂單
沒有逾時未付款的訂單
沒有逾時未付款的訂單
沒有逾時未付款的訂單
沒有逾時未付款的訂單
沒有逾時未付款的訂單
沒有逾時未付款的訂單
沒有逾時未付款的訂單
沒有逾時未付款的訂單
沒有逾時未付款的訂單
沒有逾時未付款的訂單
沒有逾時未付款的訂單
沒有逾時未付款的訂單
沒有逾時未付款的訂單
沒有逾時未付款的訂單
沒有逾時未付款的訂單
沒有逾時未付款的訂單
沒有逾時未付款的訂單
沒有逾時未付款的訂單
沒有逾時未付款的訂單
沒有逾時未付款的訂單
沒有逾時未付款的訂單
沒有逾時未付款的訂單
沒有逾時未付款的訂單
沒有逾時未付款的訂單
沒有逾時未付款的訂單
沒有逾時未付款的訂單
